[0.507s] Invoking command in '/home/user/docker_ws/das_ros2_ws/src/pub_sub': PYTHONPATH=/home/user/docker_ws/das_ros2_ws/build/pub_sub/prefix_override:/usr/lib/python3/dist-packages/colcon_core/task/python/colcon_distutils_commands:/home/user/docker_ws/das_ros2_ws/install/pub_sub/lib/python3.10/site-packages:${PYTHONPATH} /usr/bin/python3 -W ignore:setup.py install is deprecated -W ignore:easy_install command is deprecated setup.py egg_info --egg-base ../../build/pub_sub build --build-base /home/user/docker_ws/das_ros2_ws/build/pub_sub/build install --record /home/user/docker_ws/das_ros2_ws/build/pub_sub/install.log --install-scripts $base/lib/pub_sub --single-version-externally-managed install_data
[0.588s] /usr/local/lib/python3.10/dist-packages/setuptools/dist.py:745: SetuptoolsDeprecationWarning: Invalid dash-separated options
[0.588s] !!
[0.588s] 
[0.588s]         ********************************************************************************
[0.588s]         Usage of dash-separated 'script-dir' will not be supported in future
[0.588s]         versions. Please use the underscore name 'script_dir' instead.
[0.588s] 
[0.588s]         This deprecation is overdue, please update your project and remove deprecated
[0.588s]         calls to avoid build errors in the future.
[0.588s] 
[0.588s]         See https://setuptools.pypa.io/en/latest/userguide/declarative_config.html for details.
[0.588s]         ********************************************************************************
[0.588s] 
[0.588s] !!
[0.588s]   opt = self.warn_dash_deprecation(opt, section)
[0.637s] running egg_info
[0.643s] writing ../../build/pub_sub/pub_sub.egg-info/PKG-INFO
[0.643s] writing dependency_links to ../../build/pub_sub/pub_sub.egg-info/dependency_links.txt
[0.643s] writing entry points to ../../build/pub_sub/pub_sub.egg-info/entry_points.txt
[0.644s] writing requirements to ../../build/pub_sub/pub_sub.egg-info/requires.txt
[0.644s] writing top-level names to ../../build/pub_sub/pub_sub.egg-info/top_level.txt
[0.669s] ERROR setuptools_scm._file_finders.git listing git files failed - pretending there aren't any
[0.670s] reading manifest file '../../build/pub_sub/pub_sub.egg-info/SOURCES.txt'
[0.670s] writing manifest file '../../build/pub_sub/pub_sub.egg-info/SOURCES.txt'
[0.670s] running build
[0.670s] running build_py
[0.670s] running install
[0.674s] running install_lib
[0.681s] running install_data
[0.681s] running install_egg_info
[0.687s] removing '/home/user/docker_ws/das_ros2_ws/install/pub_sub/lib/python3.10/site-packages/pub_sub-0.0.0-py3.10.egg-info' (and everything under it)
[0.687s] Copying ../../build/pub_sub/pub_sub.egg-info to /home/user/docker_ws/das_ros2_ws/install/pub_sub/lib/python3.10/site-packages/pub_sub-0.0.0-py3.10.egg-info
[0.688s] running install_scripts
[0.753s] Installing listener script to /home/user/docker_ws/das_ros2_ws/install/pub_sub/lib/pub_sub
[0.753s] Installing talker script to /home/user/docker_ws/das_ros2_ws/install/pub_sub/lib/pub_sub
[0.753s] writing list of installed files to '/home/user/docker_ws/das_ros2_ws/build/pub_sub/install.log'
[0.774s] Invoked command in '/home/user/docker_ws/das_ros2_ws/src/pub_sub' returned '0': PYTHONPATH=/home/user/docker_ws/das_ros2_ws/build/pub_sub/prefix_override:/usr/lib/python3/dist-packages/colcon_core/task/python/colcon_distutils_commands:/home/user/docker_ws/das_ros2_ws/install/pub_sub/lib/python3.10/site-packages:${PYTHONPATH} /usr/bin/python3 -W ignore:setup.py install is deprecated -W ignore:easy_install command is deprecated setup.py egg_info --egg-base ../../build/pub_sub build --build-base /home/user/docker_ws/das_ros2_ws/build/pub_sub/build install --record /home/user/docker_ws/das_ros2_ws/build/pub_sub/install.log --install-scripts $base/lib/pub_sub --single-version-externally-managed install_data
