[1.051s] Invoking command in '/home/andre/das_ws/docker_ws/exam_ws/src/task1': PYTHONPATH=/home/andre/das_ws/docker_ws/exam_ws/build/task1/prefix_override:/usr/lib/python3/dist-packages/colcon_core/task/python/colcon_distutils_commands:/home/andre/das_ws/docker_ws/exam_ws/install/task1/lib/python3.10/site-packages:${PYTHONPATH} /usr/bin/python3 -W ignore:setup.py install is deprecated -W ignore:easy_install command is deprecated setup.py egg_info --egg-base ../../build/task1 build --build-base /home/andre/das_ws/docker_ws/exam_ws/build/task1/build install --record /home/andre/das_ws/docker_ws/exam_ws/build/task1/install.log --single-version-externally-managed install_data
[1.302s] running egg_info
[1.303s] creating ../../build/task1/task1.egg-info
[1.303s] writing ../../build/task1/task1.egg-info/PKG-INFO
[1.303s] writing dependency_links to ../../build/task1/task1.egg-info/dependency_links.txt
[1.303s] writing entry points to ../../build/task1/task1.egg-info/entry_points.txt
[1.304s] writing requirements to ../../build/task1/task1.egg-info/requires.txt
[1.304s] writing top-level names to ../../build/task1/task1.egg-info/top_level.txt
[1.304s] writing manifest file '../../build/task1/task1.egg-info/SOURCES.txt'
[1.304s] reading manifest file '../../build/task1/task1.egg-info/SOURCES.txt'
[1.304s] writing manifest file '../../build/task1/task1.egg-info/SOURCES.txt'
[1.305s] running build
[1.305s] running build_py
[1.305s] creating /home/andre/das_ws/docker_ws/exam_ws/build/task1/build
[1.305s] creating /home/andre/das_ws/docker_ws/exam_ws/build/task1/build/lib
[1.305s] creating /home/andre/das_ws/docker_ws/exam_ws/build/task1/build/lib/task1
[1.305s] copying task1/__init__.py -> /home/andre/das_ws/docker_ws/exam_ws/build/task1/build/lib/task1
[1.305s] running install
[1.305s] running install_lib
[1.306s] creating /home/andre/das_ws/docker_ws/exam_ws/install/task1/lib/python3.10/site-packages/task1
[1.306s] copying /home/andre/das_ws/docker_ws/exam_ws/build/task1/build/lib/task1/__init__.py -> /home/andre/das_ws/docker_ws/exam_ws/install/task1/lib/python3.10/site-packages/task1
[1.306s] byte-compiling /home/andre/das_ws/docker_ws/exam_ws/install/task1/lib/python3.10/site-packages/task1/__init__.py to __init__.cpython-310.pyc
[1.306s] running install_data
[1.306s] creating /home/andre/das_ws/docker_ws/exam_ws/install/task1/share/ament_index
[1.307s] creating /home/andre/das_ws/docker_ws/exam_ws/install/task1/share/ament_index/resource_index
[1.307s] creating /home/andre/das_ws/docker_ws/exam_ws/install/task1/share/ament_index/resource_index/packages
[1.307s] copying resource/task1 -> /home/andre/das_ws/docker_ws/exam_ws/install/task1/share/ament_index/resource_index/packages
[1.307s] copying package.xml -> /home/andre/das_ws/docker_ws/exam_ws/install/task1/share/task1
[1.307s] running install_egg_info
[1.308s] Copying ../../build/task1/task1.egg-info to /home/andre/das_ws/docker_ws/exam_ws/install/task1/lib/python3.10/site-packages/task1-0.0.0-py3.10.egg-info
[1.309s] running install_scripts
[1.324s] writing list of installed files to '/home/andre/das_ws/docker_ws/exam_ws/build/task1/install.log'
[1.344s] Invoked command in '/home/andre/das_ws/docker_ws/exam_ws/src/task1' returned '0': PYTHONPATH=/home/andre/das_ws/docker_ws/exam_ws/build/task1/prefix_override:/usr/lib/python3/dist-packages/colcon_core/task/python/colcon_distutils_commands:/home/andre/das_ws/docker_ws/exam_ws/install/task1/lib/python3.10/site-packages:${PYTHONPATH} /usr/bin/python3 -W ignore:setup.py install is deprecated -W ignore:easy_install command is deprecated setup.py egg_info --egg-base ../../build/task1 build --build-base /home/andre/das_ws/docker_ws/exam_ws/build/task1/build install --record /home/andre/das_ws/docker_ws/exam_ws/build/task1/install.log --single-version-externally-managed install_data
