running egg_info
creating ../../../build/containment/containment.egg-info
writing ../../../build/containment/containment.egg-info/PKG-INFO
writing dependency_links to ../../../build/containment/containment.egg-info/dependency_links.txt
writing requirements to ../../../build/containment/containment.egg-info/requires.txt
writing top-level names to ../../../build/containment/containment.egg-info/top_level.txt
writing manifest file '../../../build/containment/containment.egg-info/SOURCES.txt'
writing manifest file '../../../build/containment/containment.egg-info/SOURCES.txt'
running build
running build_py
creating /home/user/docker_ws/build/containment/build
creating /home/user/docker_ws/build/containment/build/lib
creating /home/user/docker_ws/build/containment/build/lib/containment
copying containment/functions.py -> /home/user/docker_ws/build/containment/build/lib/containment
copying containment/time_varying_consensus.py -> /home/user/docker_ws/build/containment/build/lib/containment
copying containment/__init__.py -> /home/user/docker_ws/build/containment/build/lib/containment
copying containment/ct_containment.py -> /home/user/docker_ws/build/containment/build/lib/containment
copying containment/dt_containment.py -> /home/user/docker_ws/build/containment/build/lib/containment
running install
running install_lib
creating /home/user/docker_ws/install/containment/lib/python3.10/site-packages/containment
copying /home/user/docker_ws/build/containment/build/lib/containment/functions.py -> /home/user/docker_ws/install/containment/lib/python3.10/site-packages/containment
copying /home/user/docker_ws/build/containment/build/lib/containment/time_varying_consensus.py -> /home/user/docker_ws/install/containment/lib/python3.10/site-packages/containment
copying /home/user/docker_ws/build/containment/build/lib/containment/__init__.py -> /home/user/docker_ws/install/containment/lib/python3.10/site-packages/containment
copying /home/user/docker_ws/build/containment/build/lib/containment/ct_containment.py -> /home/user/docker_ws/install/containment/lib/python3.10/site-packages/containment
copying /home/user/docker_ws/build/containment/build/lib/containment/dt_containment.py -> /home/user/docker_ws/install/containment/lib/python3.10/site-packages/containment
byte-compiling /home/user/docker_ws/install/containment/lib/python3.10/site-packages/containment/functions.py to functions.cpython-310.pyc
byte-compiling /home/user/docker_ws/install/containment/lib/python3.10/site-packages/containment/time_varying_consensus.py to time_varying_consensus.cpython-310.pyc
byte-compiling /home/user/docker_ws/install/containment/lib/python3.10/site-packages/containment/__init__.py to __init__.cpython-310.pyc
byte-compiling /home/user/docker_ws/install/containment/lib/python3.10/site-packages/containment/ct_containment.py to ct_containment.cpython-310.pyc
byte-compiling /home/user/docker_ws/install/containment/lib/python3.10/site-packages/containment/dt_containment.py to dt_containment.cpython-310.pyc
running install_data
creating /home/user/docker_ws/install/containment/share/ament_index
creating /home/user/docker_ws/install/containment/share/ament_index/resource_index
creating /home/user/docker_ws/install/containment/share/ament_index/resource_index/packages
copying resource/containment -> /home/user/docker_ws/install/containment/share/ament_index/resource_index/packages
copying package.xml -> /home/user/docker_ws/install/containment/share/containment
running install_egg_info
Copying ../../../build/containment/containment.egg-info to /home/user/docker_ws/install/containment/lib/python3.10/site-packages/containment-0.0.0-py3.10.egg-info
running install_scripts
writing list of installed files to '/home/user/docker_ws/build/containment/install.log'
