/home/user/docker_ws/das_ros2_ws/install/pub_sub/lib/python3.10/site-packages/pub_sub/source_file.py
/home/user/docker_ws/das_ros2_ws/install/pub_sub/lib/python3.10/site-packages/pub_sub/__init__.py
/home/user/docker_ws/das_ros2_ws/install/pub_sub/lib/python3.10/site-packages/pub_sub/publisher.py
/home/user/docker_ws/das_ros2_ws/install/pub_sub/lib/python3.10/site-packages/pub_sub/subscriber.py
/home/user/docker_ws/das_ros2_ws/install/pub_sub/lib/python3.10/site-packages/pub_sub/__pycache__/source_file.cpython-310.pyc
/home/user/docker_ws/das_ros2_ws/install/pub_sub/lib/python3.10/site-packages/pub_sub/__pycache__/__init__.cpython-310.pyc
/home/user/docker_ws/das_ros2_ws/install/pub_sub/lib/python3.10/site-packages/pub_sub/__pycache__/publisher.cpython-310.pyc
/home/user/docker_ws/das_ros2_ws/install/pub_sub/lib/python3.10/site-packages/pub_sub/__pycache__/subscriber.cpython-310.pyc
/home/user/docker_ws/das_ros2_ws/install/pub_sub/share/ament_index/resource_index/packages/pub_sub
/home/user/docker_ws/das_ros2_ws/install/pub_sub/share/pub_sub/package.xml
/home/user/docker_ws/das_ros2_ws/install/pub_sub/share/pub_sub/pub_sub_launch.py
/home/user/docker_ws/das_ros2_ws/install/pub_sub/lib/python3.10/site-packages/pub_sub-0.0.0-py3.10.egg-info/top_level.txt
/home/user/docker_ws/das_ros2_ws/install/pub_sub/lib/python3.10/site-packages/pub_sub-0.0.0-py3.10.egg-info/SOURCES.txt
/home/user/docker_ws/das_ros2_ws/install/pub_sub/lib/python3.10/site-packages/pub_sub-0.0.0-py3.10.egg-info/requires.txt
/home/user/docker_ws/das_ros2_ws/install/pub_sub/lib/python3.10/site-packages/pub_sub-0.0.0-py3.10.egg-info/zip-safe
/home/user/docker_ws/das_ros2_ws/install/pub_sub/lib/python3.10/site-packages/pub_sub-0.0.0-py3.10.egg-info/PKG-INFO
/home/user/docker_ws/das_ros2_ws/install/pub_sub/lib/python3.10/site-packages/pub_sub-0.0.0-py3.10.egg-info/entry_points.txt
/home/user/docker_ws/das_ros2_ws/install/pub_sub/lib/python3.10/site-packages/pub_sub-0.0.0-py3.10.egg-info/dependency_links.txt
/home/user/docker_ws/das_ros2_ws/install/pub_sub/lib/pub_sub/listener
/home/user/docker_ws/das_ros2_ws/install/pub_sub/lib/pub_sub/talker
