[0.601s] Invoking command in '/home/user/docker_ws/das_ros2_ws/build/pub_sub': PYTHONPATH=/home/user/docker_ws/das_ros2_ws/build/pub_sub/prefix_override:/usr/lib/python3/dist-packages/colcon_core/task/python/colcon_distutils_commands:/home/user/docker_ws/das_ros2_ws/install/pub_sub/lib/python3.10/site-packages:${PYTHONPATH} /usr/bin/python3 -W ignore:setup.py install is deprecated -W ignore:easy_install command is deprecated setup.py develop --editable --build-directory /home/user/docker_ws/das_ros2_ws/build/pub_sub/build --no-deps symlink_data --force
[0.791s] running develop
[0.875s] running egg_info
[0.881s] writing pub_sub.egg-info/PKG-INFO
[0.882s] writing dependency_links to pub_sub.egg-info/dependency_links.txt
[0.882s] writing entry points to pub_sub.egg-info/entry_points.txt
[0.882s] writing requirements to pub_sub.egg-info/requires.txt
[0.882s] writing top-level names to pub_sub.egg-info/top_level.txt
[0.925s] writing manifest file 'pub_sub.egg-info/SOURCES.txt'
[0.936s] running build_ext
[0.936s] Creating /home/user/docker_ws/das_ros2_ws/install/pub_sub/lib/python3.10/site-packages/pub-sub.egg-link (link to .)
[0.937s] Installing listener script to /home/user/docker_ws/das_ros2_ws/install/pub_sub/lib/pub_sub
[0.937s] Installing talker script to /home/user/docker_ws/das_ros2_ws/install/pub_sub/lib/pub_sub
[0.938s] 
[0.938s] Installed /home/user/docker_ws/das_ros2_ws/build/pub_sub
[0.938s] running symlink_data
[0.938s] symbolically linking /home/user/docker_ws/das_ros2_ws/build/pub_sub/resource/pub_sub -> /home/user/docker_ws/das_ros2_ws/install/pub_sub/share/ament_index/resource_index/packages
[0.938s] symbolically linking /home/user/docker_ws/das_ros2_ws/build/pub_sub/package.xml -> /home/user/docker_ws/das_ros2_ws/install/pub_sub/share/pub_sub
[0.938s] symbolically linking /home/user/docker_ws/das_ros2_ws/build/pub_sub/launch_folder/pub_sub_launch.py -> /home/user/docker_ws/das_ros2_ws/install/pub_sub/share/pub_sub
[0.961s] Invoked command in '/home/user/docker_ws/das_ros2_ws/build/pub_sub' returned '0': PYTHONPATH=/home/user/docker_ws/das_ros2_ws/build/pub_sub/prefix_override:/usr/lib/python3/dist-packages/colcon_core/task/python/colcon_distutils_commands:/home/user/docker_ws/das_ros2_ws/install/pub_sub/lib/python3.10/site-packages:${PYTHONPATH} /usr/bin/python3 -W ignore:setup.py install is deprecated -W ignore:easy_install command is deprecated setup.py develop --editable --build-directory /home/user/docker_ws/das_ros2_ws/build/pub_sub/build --no-deps symlink_data --force
