[0.741s] Invoking command in '/home/user/docker_ws/das_ros2_ws/src/pub_sub': PYTHONPATH=/home/user/docker_ws/build/pub_sub/prefix_override:/usr/lib/python3/dist-packages/colcon_core/task/python/colcon_distutils_commands:/home/user/docker_ws/install/pub_sub/lib/python3.10/site-packages:${PYTHONPATH} /usr/bin/python3 -W ignore:setup.py install is deprecated -W ignore:easy_install command is deprecated setup.py egg_info --egg-base ../../../build/pub_sub build --build-base /home/user/docker_ws/build/pub_sub/build install --record /home/user/docker_ws/build/pub_sub/install.log --single-version-externally-managed install_data
[0.866s] running egg_info
[0.872s] writing ../../../build/pub_sub/pub_sub.egg-info/PKG-INFO
[0.872s] writing dependency_links to ../../../build/pub_sub/pub_sub.egg-info/dependency_links.txt
[0.873s] writing entry points to ../../../build/pub_sub/pub_sub.egg-info/entry_points.txt
[0.873s] writing requirements to ../../../build/pub_sub/pub_sub.egg-info/requires.txt
[0.873s] writing top-level names to ../../../build/pub_sub/pub_sub.egg-info/top_level.txt
[0.916s] writing manifest file '../../../build/pub_sub/pub_sub.egg-info/SOURCES.txt'
[0.916s] running build
[0.916s] running build_py
[0.916s] running install
[0.921s] running install_lib
[0.928s] running install_data
[0.928s] running install_egg_info
[0.934s] removing '/home/user/docker_ws/install/pub_sub/lib/python3.10/site-packages/pub_sub-0.0.0-py3.10.egg-info' (and everything under it)
[0.934s] Copying ../../../build/pub_sub/pub_sub.egg-info to /home/user/docker_ws/install/pub_sub/lib/python3.10/site-packages/pub_sub-0.0.0-py3.10.egg-info
[0.935s] running install_scripts
[1.004s] Installing listener script to /home/user/docker_ws/install/pub_sub/lib/pub_sub
[1.004s] Installing talker script to /home/user/docker_ws/install/pub_sub/lib/pub_sub
[1.004s] writing list of installed files to '/home/user/docker_ws/build/pub_sub/install.log'
[1.040s] Invoked command in '/home/user/docker_ws/das_ros2_ws/src/pub_sub' returned '0': PYTHONPATH=/home/user/docker_ws/build/pub_sub/prefix_override:/usr/lib/python3/dist-packages/colcon_core/task/python/colcon_distutils_commands:/home/user/docker_ws/install/pub_sub/lib/python3.10/site-packages:${PYTHONPATH} /usr/bin/python3 -W ignore:setup.py install is deprecated -W ignore:easy_install command is deprecated setup.py egg_info --egg-base ../../../build/pub_sub build --build-base /home/user/docker_ws/build/pub_sub/build install --record /home/user/docker_ws/build/pub_sub/install.log --single-version-externally-managed install_data
