[0.469s] Invoking command in '/home/user/docker_ws/das_ros2_ws/src/distributed_algs': PYTHONPATH=/home/user/docker_ws/das_ros2_ws/build/distributed_algs/prefix_override:/usr/lib/python3/dist-packages/colcon_core/task/python/colcon_distutils_commands:/home/user/docker_ws/das_ros2_ws/install/distributed_algs/lib/python3.10/site-packages:${PYTHONPATH} /usr/bin/python3 -W ignore:setup.py install is deprecated -W ignore:easy_install command is deprecated setup.py egg_info --egg-base ../../build/distributed_algs build --build-base /home/user/docker_ws/das_ros2_ws/build/distributed_algs/build install --record /home/user/docker_ws/das_ros2_ws/build/distributed_algs/install.log --single-version-externally-managed install_data
[0.625s] running egg_info
[0.633s] writing ../../build/distributed_algs/distributed_algs.egg-info/PKG-INFO
[0.633s] writing dependency_links to ../../build/distributed_algs/distributed_algs.egg-info/dependency_links.txt
[0.633s] writing entry points to ../../build/distributed_algs/distributed_algs.egg-info/entry_points.txt
[0.633s] writing requirements to ../../build/distributed_algs/distributed_algs.egg-info/requires.txt
[0.633s] writing top-level names to ../../build/distributed_algs/distributed_algs.egg-info/top_level.txt
[0.660s] ERROR setuptools_scm._file_finders.git listing git files failed - pretending there aren't any
[0.660s] reading manifest file '../../build/distributed_algs/distributed_algs.egg-info/SOURCES.txt'
[0.661s] writing manifest file '../../build/distributed_algs/distributed_algs.egg-info/SOURCES.txt'
[0.661s] running build
[0.661s] running build_py
[0.661s] copying distributed_algs/__init__.py -> /home/user/docker_ws/das_ros2_ws/build/distributed_algs/build/lib/distributed_algs
[0.662s] running install
[0.667s] running install_lib
[0.673s] copying /home/user/docker_ws/das_ros2_ws/build/distributed_algs/build/lib/distributed_algs/__init__.py -> /home/user/docker_ws/das_ros2_ws/install/distributed_algs/lib/python3.10/site-packages/distributed_algs
[0.673s] byte-compiling /home/user/docker_ws/das_ros2_ws/install/distributed_algs/lib/python3.10/site-packages/distributed_algs/__init__.py to __init__.cpython-310.pyc
[0.673s] running install_data
[0.673s] copying launch_folder/param_launch.py -> /home/user/docker_ws/das_ros2_ws/install/distributed_algs/share/distributed_algs
[0.674s] running install_egg_info
[0.679s] removing '/home/user/docker_ws/das_ros2_ws/install/distributed_algs/lib/python3.10/site-packages/distributed_algs-0.0.0-py3.10.egg-info' (and everything under it)
[0.679s] Copying ../../build/distributed_algs/distributed_algs.egg-info to /home/user/docker_ws/das_ros2_ws/install/distributed_algs/lib/python3.10/site-packages/distributed_algs-0.0.0-py3.10.egg-info
[0.680s] running install_scripts
[0.744s] Installing generic_agent script to /home/user/docker_ws/das_ros2_ws/install/distributed_algs/lib/distributed_algs
[0.745s] writing list of installed files to '/home/user/docker_ws/das_ros2_ws/build/distributed_algs/install.log'
[0.762s] Invoked command in '/home/user/docker_ws/das_ros2_ws/src/distributed_algs' returned '0': PYTHONPATH=/home/user/docker_ws/das_ros2_ws/build/distributed_algs/prefix_override:/usr/lib/python3/dist-packages/colcon_core/task/python/colcon_distutils_commands:/home/user/docker_ws/das_ros2_ws/install/distributed_algs/lib/python3.10/site-packages:${PYTHONPATH} /usr/bin/python3 -W ignore:setup.py install is deprecated -W ignore:easy_install command is deprecated setup.py egg_info --egg-base ../../build/distributed_algs build --build-base /home/user/docker_ws/das_ros2_ws/build/distributed_algs/build install --record /home/user/docker_ws/das_ros2_ws/build/distributed_algs/install.log --single-version-externally-managed install_data
