[0.543s] Invoking command in '/home/user/docker_ws/das_ros2_ws/src/distributed_algs': PYTHONPATH=/home/user/docker_ws/das_ros2_ws/build/distributed_algs/prefix_override:/usr/lib/python3/dist-packages/colcon_core/task/python/colcon_distutils_commands:/home/user/docker_ws/das_ros2_ws/install/distributed_algs/lib/python3.10/site-packages:${PYTHONPATH} /usr/bin/python3 -W ignore:setup.py install is deprecated -W ignore:easy_install command is deprecated setup.py egg_info --egg-base ../../build/distributed_algs build --build-base /home/user/docker_ws/das_ros2_ws/build/distributed_algs/build install --record /home/user/docker_ws/das_ros2_ws/build/distributed_algs/install.log --install-scripts $base/lib/distributed_algs --single-version-externally-managed install_data
[0.631s] /usr/local/lib/python3.10/dist-packages/setuptools/dist.py:745: SetuptoolsDeprecationWarning: Invalid dash-separated options
[0.631s] !!
[0.631s] 
[0.631s]         ********************************************************************************
[0.631s]         Usage of dash-separated 'script-dir' will not be supported in future
[0.631s]         versions. Please use the underscore name 'script_dir' instead.
[0.632s] 
[0.632s]         This deprecation is overdue, please update your project and remove deprecated
[0.632s]         calls to avoid build errors in the future.
[0.632s] 
[0.632s]         See https://setuptools.pypa.io/en/latest/userguide/declarative_config.html for details.
[0.632s]         ********************************************************************************
[0.632s] 
[0.632s] !!
[0.632s]   opt = self.warn_dash_deprecation(opt, section)
[0.685s] running egg_info
[0.691s] writing ../../build/distributed_algs/distributed_algs.egg-info/PKG-INFO
[0.691s] writing dependency_links to ../../build/distributed_algs/distributed_algs.egg-info/dependency_links.txt
[0.691s] writing entry points to ../../build/distributed_algs/distributed_algs.egg-info/entry_points.txt
[0.692s] writing requirements to ../../build/distributed_algs/distributed_algs.egg-info/requires.txt
[0.692s] writing top-level names to ../../build/distributed_algs/distributed_algs.egg-info/top_level.txt
[0.717s] ERROR setuptools_scm._file_finders.git listing git files failed - pretending there aren't any
[0.718s] reading manifest file '../../build/distributed_algs/distributed_algs.egg-info/SOURCES.txt'
[0.719s] writing manifest file '../../build/distributed_algs/distributed_algs.egg-info/SOURCES.txt'
[0.719s] running build
[0.719s] running build_py
[0.719s] copying distributed_algs/the_agent.py -> /home/user/docker_ws/das_ros2_ws/build/distributed_algs/build/lib/distributed_algs
[0.720s] running install
[0.723s] running install_lib
[0.732s] copying /home/user/docker_ws/das_ros2_ws/build/distributed_algs/build/lib/distributed_algs/the_agent.py -> /home/user/docker_ws/das_ros2_ws/install/distributed_algs/lib/python3.10/site-packages/distributed_algs
[0.732s] byte-compiling /home/user/docker_ws/das_ros2_ws/install/distributed_algs/lib/python3.10/site-packages/distributed_algs/the_agent.py to the_agent.cpython-310.pyc
[0.733s] running install_data
[0.733s] copying launch_folder/param_launch.py -> /home/user/docker_ws/das_ros2_ws/install/distributed_algs/share/distributed_algs
[0.733s] running install_egg_info
[0.740s] removing '/home/user/docker_ws/das_ros2_ws/install/distributed_algs/lib/python3.10/site-packages/distributed_algs-0.0.0-py3.10.egg-info' (and everything under it)
[0.740s] Copying ../../build/distributed_algs/distributed_algs.egg-info to /home/user/docker_ws/das_ros2_ws/install/distributed_algs/lib/python3.10/site-packages/distributed_algs-0.0.0-py3.10.egg-info
[0.741s] running install_scripts
[0.803s] Installing generic_agent script to /home/user/docker_ws/das_ros2_ws/install/distributed_algs/lib/distributed_algs
[0.804s] writing list of installed files to '/home/user/docker_ws/das_ros2_ws/build/distributed_algs/install.log'
[0.828s] Invoked command in '/home/user/docker_ws/das_ros2_ws/src/distributed_algs' returned '0': PYTHONPATH=/home/user/docker_ws/das_ros2_ws/build/distributed_algs/prefix_override:/usr/lib/python3/dist-packages/colcon_core/task/python/colcon_distutils_commands:/home/user/docker_ws/das_ros2_ws/install/distributed_algs/lib/python3.10/site-packages:${PYTHONPATH} /usr/bin/python3 -W ignore:setup.py install is deprecated -W ignore:easy_install command is deprecated setup.py egg_info --egg-base ../../build/distributed_algs build --build-base /home/user/docker_ws/das_ros2_ws/build/distributed_algs/build install --record /home/user/docker_ws/das_ros2_ws/build/distributed_algs/install.log --install-scripts $base/lib/distributed_algs --single-version-externally-managed install_data
