[0.742s] Invoking command in '/home/user/docker_ws/das_ros2_ws/src/formation_control_ros': PYTHONPATH=/home/user/docker_ws/build/formation_control_ros/prefix_override:/usr/lib/python3/dist-packages/colcon_core/task/python/colcon_distutils_commands:/home/user/docker_ws/install/formation_control_ros/lib/python3.10/site-packages:${PYTHONPATH} /usr/bin/python3 -W ignore:setup.py install is deprecated -W ignore:easy_install command is deprecated setup.py egg_info --egg-base ../../../build/formation_control_ros build --build-base /home/user/docker_ws/build/formation_control_ros/build install --record /home/user/docker_ws/build/formation_control_ros/install.log --single-version-externally-managed install_data
[0.878s] running egg_info
[0.878s] creating ../../../build/formation_control_ros/formation_control_ros.egg-info
[0.885s] writing ../../../build/formation_control_ros/formation_control_ros.egg-info/PKG-INFO
[0.885s] writing dependency_links to ../../../build/formation_control_ros/formation_control_ros.egg-info/dependency_links.txt
[0.885s] writing entry points to ../../../build/formation_control_ros/formation_control_ros.egg-info/entry_points.txt
[0.885s] writing requirements to ../../../build/formation_control_ros/formation_control_ros.egg-info/requires.txt
[0.885s] writing top-level names to ../../../build/formation_control_ros/formation_control_ros.egg-info/top_level.txt
[0.885s] writing manifest file '../../../build/formation_control_ros/formation_control_ros.egg-info/SOURCES.txt'
[0.939s] reading manifest file '../../../build/formation_control_ros/formation_control_ros.egg-info/SOURCES.txt'
[0.940s] writing manifest file '../../../build/formation_control_ros/formation_control_ros.egg-info/SOURCES.txt'
[0.940s] running build
[0.940s] running build_py
[0.940s] creating /home/user/docker_ws/build/formation_control_ros/build
[0.940s] creating /home/user/docker_ws/build/formation_control_ros/build/lib
[0.940s] creating /home/user/docker_ws/build/formation_control_ros/build/lib/formation_control_ros
[0.940s] copying formation_control_ros/the_agent.py -> /home/user/docker_ws/build/formation_control_ros/build/lib/formation_control_ros
[0.940s] copying formation_control_ros/__init__.py -> /home/user/docker_ws/build/formation_control_ros/build/lib/formation_control_ros
[0.941s] running install
[0.947s] running install_lib
[0.958s] creating /home/user/docker_ws/install/formation_control_ros/lib/python3.10/site-packages/formation_control_ros
[0.958s] copying /home/user/docker_ws/build/formation_control_ros/build/lib/formation_control_ros/the_agent.py -> /home/user/docker_ws/install/formation_control_ros/lib/python3.10/site-packages/formation_control_ros
[0.958s] copying /home/user/docker_ws/build/formation_control_ros/build/lib/formation_control_ros/__init__.py -> /home/user/docker_ws/install/formation_control_ros/lib/python3.10/site-packages/formation_control_ros
[0.959s] byte-compiling /home/user/docker_ws/install/formation_control_ros/lib/python3.10/site-packages/formation_control_ros/the_agent.py to the_agent.cpython-310.pyc
[0.960s] byte-compiling /home/user/docker_ws/install/formation_control_ros/lib/python3.10/site-packages/formation_control_ros/__init__.py to __init__.cpython-310.pyc
[0.960s] running install_data
[0.960s] creating /home/user/docker_ws/install/formation_control_ros/share/ament_index
[0.960s] creating /home/user/docker_ws/install/formation_control_ros/share/ament_index/resource_index
[0.961s] creating /home/user/docker_ws/install/formation_control_ros/share/ament_index/resource_index/packages
[0.961s] copying resource/formation_control_ros -> /home/user/docker_ws/install/formation_control_ros/share/ament_index/resource_index/packages
[0.961s] copying package.xml -> /home/user/docker_ws/install/formation_control_ros/share/formation_control_ros
[0.961s] copying launch_folder/formation_launch.py -> /home/user/docker_ws/install/formation_control_ros/share/formation_control_ros
[0.961s] running install_egg_info
[0.972s] Copying ../../../build/formation_control_ros/formation_control_ros.egg-info to /home/user/docker_ws/install/formation_control_ros/lib/python3.10/site-packages/formation_control_ros-0.0.0-py3.10.egg-info
[0.973s] running install_scripts
[1.044s] Installing generic_agent script to /home/user/docker_ws/install/formation_control_ros/lib/formation_control_ros
[1.044s] writing list of installed files to '/home/user/docker_ws/build/formation_control_ros/install.log'
[1.065s] Invoked command in '/home/user/docker_ws/das_ros2_ws/src/formation_control_ros' returned '0': PYTHONPATH=/home/user/docker_ws/build/formation_control_ros/prefix_override:/usr/lib/python3/dist-packages/colcon_core/task/python/colcon_distutils_commands:/home/user/docker_ws/install/formation_control_ros/lib/python3.10/site-packages:${PYTHONPATH} /usr/bin/python3 -W ignore:setup.py install is deprecated -W ignore:easy_install command is deprecated setup.py egg_info --egg-base ../../../build/formation_control_ros build --build-base /home/user/docker_ws/build/formation_control_ros/build install --record /home/user/docker_ws/build/formation_control_ros/install.log --single-version-externally-managed install_data
