[0.068s] DEBUG:colcon:Command line arguments: ['/usr/bin/colcon', 'build', '--symlink-install']
[0.068s] DEBUG:colcon:Parsed command line arguments: Namespace(log_base=None, log_level=None, verb_name='build', build_base='build', install_base='install', merge_install=False, symlink_install=True, test_result_base=None, continue_on_error=False, executor='parallel', parallel_workers=16, event_handlers=None, ignore_user_meta=False, metas=['./colcon.meta'], base_paths=['.'], packages_ignore=None, packages_ignore_regex=None, paths=None, packages_up_to=None, packages_up_to_regex=None, packages_above=None, packages_above_and_dependencies=None, packages_above_depth=None, packages_select_by_dep=None, packages_skip_by_dep=None, packages_skip_up_to=None, packages_select_build_failed=False, packages_skip_build_finished=False, packages_select_test_failures=False, packages_skip_test_passed=False, packages_select=None, packages_skip=None, packages_select_regex=None, packages_skip_regex=None, packages_start=None, packages_end=None, cmake_args=None, cmake_target=None, cmake_target_skip_unavailable=False, cmake_clean_cache=False, cmake_clean_first=False, cmake_force_configure=False, ament_cmake_args=None, catkin_cmake_args=None, catkin_skip_building_tests=False, mixin_files=None, mixin=None, verb_parser=<colcon_mixin.mixin.mixin_argument.MixinArgumentDecorator object at 0x79f4e4dc2f50>, verb_extension=<colcon_core.verb.build.BuildVerb object at 0x79f4e4eb7ee0>, main=<bound method BuildVerb.main of <colcon_core.verb.build.BuildVerb object at 0x79f4e4eb7ee0>>, mixin_verb=('build',))
[0.092s] Level 1:colcon.colcon_core.package_discovery:discover_packages(colcon_meta) check parameters
[0.092s] Level 1:colcon.colcon_core.package_discovery:discover_packages(recursive) check parameters
[0.092s] Level 1:colcon.colcon_core.package_discovery:discover_packages(ignore) check parameters
[0.092s] Level 1:colcon.colcon_core.package_discovery:discover_packages(path) check parameters
[0.092s] Level 1:colcon.colcon_core.package_discovery:discover_packages(colcon_meta) discover
[0.092s] Level 1:colcon.colcon_core.package_discovery:discover_packages(recursive) discover
[0.092s] INFO:colcon.colcon_core.package_discovery:Crawling recursively for packages in '/home/user/docker_ws/das_ros2_ws'
[0.092s] Level 1:colcon.colcon_core.package_identification:_identify(.) by extensions ['ignore', 'ignore_ament_install']
[0.092s] Level 1:colcon.colcon_core.package_identification:_identify(.) by extension 'ignore'
[0.092s] Level 1:colcon.colcon_core.package_identification:_identify(.) by extension 'ignore_ament_install'
[0.092s] Level 1:colcon.colcon_core.package_identification:_identify(.) by extensions ['colcon_pkg']
[0.092s] Level 1:colcon.colcon_core.package_identification:_identify(.) by extension 'colcon_pkg'
[0.092s] Level 1:colcon.colcon_core.package_identification:_identify(.) by extensions ['colcon_meta']
[0.092s] Level 1:colcon.colcon_core.package_identification:_identify(.) by extension 'colcon_meta'
[0.092s] Level 1:colcon.colcon_core.package_identification:_identify(.) by extensions ['ros']
[0.092s] Level 1:colcon.colcon_core.package_identification:_identify(.) by extension 'ros'
[0.102s] Level 1:colcon.colcon_core.package_identification:_identify(.) by extensions ['cmake', 'python']
[0.102s] Level 1:colcon.colcon_core.package_identification:_identify(.) by extension 'cmake'
[0.102s] Level 1:colcon.colcon_core.package_identification:_identify(.) by extension 'python'
[0.102s] Level 1:colcon.colcon_core.package_identification:_identify(.) by extensions ['python_setup_py']
[0.102s] Level 1:colcon.colcon_core.package_identification:_identify(.) by extension 'python_setup_py'
[0.102s] Level 1:colcon.colcon_core.package_identification:_identify(build) by extensions ['ignore', 'ignore_ament_install']
[0.102s] Level 1:colcon.colcon_core.package_identification:_identify(build) by extension 'ignore'
[0.102s] Level 1:colcon.colcon_core.package_identification:_identify(build) ignored
[0.102s] Level 1:colcon.colcon_core.package_identification:_identify(install) by extensions ['ignore', 'ignore_ament_install']
[0.102s] Level 1:colcon.colcon_core.package_identification:_identify(install) by extension 'ignore'
[0.102s] Level 1:colcon.colcon_core.package_identification:_identify(install) ignored
[0.102s] Level 1:colcon.colcon_core.package_identification:_identify(log) by extensions ['ignore', 'ignore_ament_install']
[0.102s] Level 1:colcon.colcon_core.package_identification:_identify(log) by extension 'ignore'
[0.102s] Level 1:colcon.colcon_core.package_identification:_identify(log) ignored
[0.102s] Level 1:colcon.colcon_core.package_identification:_identify(src) by extensions ['ignore', 'ignore_ament_install']
[0.102s] Level 1:colcon.colcon_core.package_identification:_identify(src) by extension 'ignore'
[0.102s] Level 1:colcon.colcon_core.package_identification:_identify(src) by extension 'ignore_ament_install'
[0.102s] Level 1:colcon.colcon_core.package_identification:_identify(src) by extensions ['colcon_pkg']
[0.102s] Level 1:colcon.colcon_core.package_identification:_identify(src) by extension 'colcon_pkg'
[0.102s] Level 1:colcon.colcon_core.package_identification:_identify(src) by extensions ['colcon_meta']
[0.102s] Level 1:colcon.colcon_core.package_identification:_identify(src) by extension 'colcon_meta'
[0.102s] Level 1:colcon.colcon_core.package_identification:_identify(src) by extensions ['ros']
[0.102s] Level 1:colcon.colcon_core.package_identification:_identify(src) by extension 'ros'
[0.102s] Level 1:colcon.colcon_core.package_identification:_identify(src) by extensions ['cmake', 'python']
[0.102s] Level 1:colcon.colcon_core.package_identification:_identify(src) by extension 'cmake'
[0.102s] Level 1:colcon.colcon_core.package_identification:_identify(src) by extension 'python'
[0.102s] Level 1:colcon.colcon_core.package_identification:_identify(src) by extensions ['python_setup_py']
[0.102s] Level 1:colcon.colcon_core.package_identification:_identify(src) by extension 'python_setup_py'
[0.103s] Level 1:colcon.colcon_core.package_identification:_identify(src/distributed_algs) by extensions ['ignore', 'ignore_ament_install']
[0.103s] Level 1:colcon.colcon_core.package_identification:_identify(src/distributed_algs) by extension 'ignore'
[0.103s] Level 1:colcon.colcon_core.package_identification:_identify(src/distributed_algs) by extension 'ignore_ament_install'
[0.103s] Level 1:colcon.colcon_core.package_identification:_identify(src/distributed_algs) by extensions ['colcon_pkg']
[0.103s] Level 1:colcon.colcon_core.package_identification:_identify(src/distributed_algs) by extension 'colcon_pkg'
[0.103s] Level 1:colcon.colcon_core.package_identification:_identify(src/distributed_algs) by extensions ['colcon_meta']
[0.103s] Level 1:colcon.colcon_core.package_identification:_identify(src/distributed_algs) by extension 'colcon_meta'
[0.103s] Level 1:colcon.colcon_core.package_identification:_identify(src/distributed_algs) by extensions ['ros']
[0.103s] Level 1:colcon.colcon_core.package_identification:_identify(src/distributed_algs) by extension 'ros'
[0.104s] DEBUG:colcon.colcon_core.package_identification:Package 'src/distributed_algs' with type 'ros.ament_python' and name 'distributed_algs'
[0.104s] Level 1:colcon.colcon_core.package_identification:_identify(src/pub_sub) by extensions ['ignore', 'ignore_ament_install']
[0.104s] Level 1:colcon.colcon_core.package_identification:_identify(src/pub_sub) by extension 'ignore'
[0.105s] Level 1:colcon.colcon_core.package_identification:_identify(src/pub_sub) by extension 'ignore_ament_install'
[0.105s] Level 1:colcon.colcon_core.package_identification:_identify(src/pub_sub) by extensions ['colcon_pkg']
[0.105s] Level 1:colcon.colcon_core.package_identification:_identify(src/pub_sub) by extension 'colcon_pkg'
[0.105s] Level 1:colcon.colcon_core.package_identification:_identify(src/pub_sub) by extensions ['colcon_meta']
[0.105s] Level 1:colcon.colcon_core.package_identification:_identify(src/pub_sub) by extension 'colcon_meta'
[0.105s] Level 1:colcon.colcon_core.package_identification:_identify(src/pub_sub) by extensions ['ros']
[0.105s] Level 1:colcon.colcon_core.package_identification:_identify(src/pub_sub) by extension 'ros'
[0.105s] DEBUG:colcon.colcon_core.package_identification:Package 'src/pub_sub' with type 'ros.ament_python' and name 'pub_sub'
[0.105s] Level 1:colcon.colcon_core.package_discovery:discover_packages(recursive) using defaults
[0.105s] Level 1:colcon.colcon_core.package_discovery:discover_packages(ignore) discover
[0.105s] Level 1:colcon.colcon_core.package_discovery:discover_packages(ignore) using defaults
[0.105s] Level 1:colcon.colcon_core.package_discovery:discover_packages(path) discover
[0.105s] Level 1:colcon.colcon_core.package_discovery:discover_packages(path) using defaults
[0.118s] Level 5:colcon.colcon_core.verb:set package 'distributed_algs' build argument 'cmake_args' from command line to 'None'
[0.118s] Level 5:colcon.colcon_core.verb:set package 'distributed_algs' build argument 'cmake_target' from command line to 'None'
[0.118s] Level 5:colcon.colcon_core.verb:set package 'distributed_algs' build argument 'cmake_target_skip_unavailable' from command line to 'False'
[0.118s] Level 5:colcon.colcon_core.verb:set package 'distributed_algs' build argument 'cmake_clean_cache' from command line to 'False'
[0.118s] Level 5:colcon.colcon_core.verb:set package 'distributed_algs' build argument 'cmake_clean_first' from command line to 'False'
[0.118s] Level 5:colcon.colcon_core.verb:set package 'distributed_algs' build argument 'cmake_force_configure' from command line to 'False'
[0.118s] Level 5:colcon.colcon_core.verb:set package 'distributed_algs' build argument 'ament_cmake_args' from command line to 'None'
[0.118s] Level 5:colcon.colcon_core.verb:set package 'distributed_algs' build argument 'catkin_cmake_args' from command line to 'None'
[0.118s] Level 5:colcon.colcon_core.verb:set package 'distributed_algs' build argument 'catkin_skip_building_tests' from command line to 'False'
[0.118s] DEBUG:colcon.colcon_core.verb:Building package 'distributed_algs' with the following arguments: {'ament_cmake_args': None, 'build_base': '/home/user/docker_ws/das_ros2_ws/build/distributed_algs', 'catkin_cmake_args': None, 'catkin_skip_building_tests': False, 'cmake_args': None, 'cmake_clean_cache': False, 'cmake_clean_first': False, 'cmake_force_configure': False, 'cmake_target': None, 'cmake_target_skip_unavailable': False, 'install_base': '/home/user/docker_ws/das_ros2_ws/install/distributed_algs', 'merge_install': False, 'path': '/home/user/docker_ws/das_ros2_ws/src/distributed_algs', 'symlink_install': True, 'test_result_base': None}
[0.119s] Level 5:colcon.colcon_core.verb:set package 'pub_sub' build argument 'cmake_args' from command line to 'None'
[0.119s] Level 5:colcon.colcon_core.verb:set package 'pub_sub' build argument 'cmake_target' from command line to 'None'
[0.119s] Level 5:colcon.colcon_core.verb:set package 'pub_sub' build argument 'cmake_target_skip_unavailable' from command line to 'False'
[0.119s] Level 5:colcon.colcon_core.verb:set package 'pub_sub' build argument 'cmake_clean_cache' from command line to 'False'
[0.119s] Level 5:colcon.colcon_core.verb:set package 'pub_sub' build argument 'cmake_clean_first' from command line to 'False'
[0.119s] Level 5:colcon.colcon_core.verb:set package 'pub_sub' build argument 'cmake_force_configure' from command line to 'False'
[0.119s] Level 5:colcon.colcon_core.verb:set package 'pub_sub' build argument 'ament_cmake_args' from command line to 'None'
[0.119s] Level 5:colcon.colcon_core.verb:set package 'pub_sub' build argument 'catkin_cmake_args' from command line to 'None'
[0.119s] Level 5:colcon.colcon_core.verb:set package 'pub_sub' build argument 'catkin_skip_building_tests' from command line to 'False'
[0.119s] DEBUG:colcon.colcon_core.verb:Building package 'pub_sub' with the following arguments: {'ament_cmake_args': None, 'build_base': '/home/user/docker_ws/das_ros2_ws/build/pub_sub', 'catkin_cmake_args': None, 'catkin_skip_building_tests': False, 'cmake_args': None, 'cmake_clean_cache': False, 'cmake_clean_first': False, 'cmake_force_configure': False, 'cmake_target': None, 'cmake_target_skip_unavailable': False, 'install_base': '/home/user/docker_ws/das_ros2_ws/install/pub_sub', 'merge_install': False, 'path': '/home/user/docker_ws/das_ros2_ws/src/pub_sub', 'symlink_install': True, 'test_result_base': None}
[0.119s] INFO:colcon.colcon_core.executor:Executing jobs using 'parallel' executor
[0.120s] DEBUG:colcon.colcon_parallel_executor.executor.parallel:run_until_complete
[0.120s] INFO:colcon.colcon_ros.task.ament_python.build:Building ROS package in '/home/user/docker_ws/das_ros2_ws/src/distributed_algs' with build type 'ament_python'
[0.120s] Level 1:colcon.colcon_core.shell:create_environment_hook('distributed_algs', 'ament_prefix_path')
[0.122s] INFO:colcon.colcon_core.plugin_system:Skipping extension 'colcon_core.shell.bat': Not used on non-Windows systems
[0.122s] INFO:colcon.colcon_core.shell:Creating environment hook '/home/user/docker_ws/das_ros2_ws/install/distributed_algs/share/distributed_algs/hook/ament_prefix_path.ps1'
[0.123s] INFO:colcon.colcon_core.shell:Creating environment descriptor '/home/user/docker_ws/das_ros2_ws/install/distributed_algs/share/distributed_algs/hook/ament_prefix_path.dsv'
[0.123s] INFO:colcon.colcon_core.shell:Creating environment hook '/home/user/docker_ws/das_ros2_ws/install/distributed_algs/share/distributed_algs/hook/ament_prefix_path.sh'
[0.123s] INFO:colcon.colcon_core.shell:Skip shell extension 'powershell' for command environment: Not usable outside of PowerShell
[0.123s] DEBUG:colcon.colcon_core.shell:Skip shell extension 'dsv' for command environment
[0.127s] INFO:colcon.colcon_ros.task.ament_python.build:Building ROS package in '/home/user/docker_ws/das_ros2_ws/src/pub_sub' with build type 'ament_python'
[0.127s] Level 1:colcon.colcon_core.shell:create_environment_hook('pub_sub', 'ament_prefix_path')
[0.127s] INFO:colcon.colcon_core.shell:Creating environment hook '/home/user/docker_ws/das_ros2_ws/install/pub_sub/share/pub_sub/hook/ament_prefix_path.ps1'
[0.127s] INFO:colcon.colcon_core.shell:Creating environment descriptor '/home/user/docker_ws/das_ros2_ws/install/pub_sub/share/pub_sub/hook/ament_prefix_path.dsv'
[0.127s] INFO:colcon.colcon_core.shell:Creating environment hook '/home/user/docker_ws/das_ros2_ws/install/pub_sub/share/pub_sub/hook/ament_prefix_path.sh'
[0.128s] INFO:colcon.colcon_core.shell:Skip shell extension 'powershell' for command environment: Not usable outside of PowerShell
[0.128s] DEBUG:colcon.colcon_core.shell:Skip shell extension 'dsv' for command environment
[0.272s] INFO:colcon.colcon_core.task.python.build:Building Python package in '/home/user/docker_ws/das_ros2_ws/src/distributed_algs'
[0.272s] INFO:colcon.colcon_core.shell:Skip shell extension 'powershell' for command environment: Not usable outside of PowerShell
[0.272s] DEBUG:colcon.colcon_core.shell:Skip shell extension 'dsv' for command environment
[0.422s] INFO:colcon.colcon_core.task.python.build:Building Python package in '/home/user/docker_ws/das_ros2_ws/src/pub_sub'
[0.422s] INFO:colcon.colcon_core.shell:Skip shell extension 'powershell' for command environment: Not usable outside of PowerShell
[0.422s] DEBUG:colcon.colcon_core.shell:Skip shell extension 'dsv' for command environment
[0.726s] DEBUG:colcon.colcon_core.task.python.build:While undoing a previous installation files outside the Python library path are being ignored: /home/user/docker_ws/das_ros2_ws/install/pub_sub/share/ament_index/resource_index/packages/pub_sub
[0.726s] DEBUG:colcon.colcon_core.task.python.build:While undoing a previous installation files outside the Python library path are being ignored: /home/user/docker_ws/das_ros2_ws/install/pub_sub/share/pub_sub/package.xml
[0.726s] DEBUG:colcon.colcon_core.task.python.build:While undoing a previous installation files outside the Python library path are being ignored: /home/user/docker_ws/das_ros2_ws/install/pub_sub/share/pub_sub/pub_sub_launch.py
[0.726s] DEBUG:colcon.colcon_core.task.python.build:While undoing a previous installation files outside the Python library path are being ignored: /home/user/docker_ws/das_ros2_ws/install/pub_sub/lib/pub_sub/listener
[0.726s] DEBUG:colcon.colcon_core.task.python.build:While undoing a previous installation files outside the Python library path are being ignored: /home/user/docker_ws/das_ros2_ws/install/pub_sub/lib/pub_sub/talker
[0.728s] DEBUG:colcon.colcon_core.event_handler.log_command:Invoking command in '/home/user/docker_ws/das_ros2_ws/build/pub_sub': PYTHONPATH=/home/user/docker_ws/das_ros2_ws/build/pub_sub/prefix_override:/usr/lib/python3/dist-packages/colcon_core/task/python/colcon_distutils_commands:/home/user/docker_ws/das_ros2_ws/install/pub_sub/lib/python3.10/site-packages:${PYTHONPATH} /usr/bin/python3 -W ignore:setup.py install is deprecated -W ignore:easy_install command is deprecated setup.py develop --editable --build-directory /home/user/docker_ws/das_ros2_ws/build/pub_sub/build --no-deps symlink_data --force
[0.738s] DEBUG:colcon.colcon_core.task.python.build:While undoing a previous installation files outside the Python library path are being ignored: /home/user/docker_ws/das_ros2_ws/install/distributed_algs/share/ament_index/resource_index/packages/distributed_algs
[0.738s] DEBUG:colcon.colcon_core.task.python.build:While undoing a previous installation files outside the Python library path are being ignored: /home/user/docker_ws/das_ros2_ws/install/distributed_algs/share/distributed_algs/package.xml
[0.738s] DEBUG:colcon.colcon_core.task.python.build:While undoing a previous installation files outside the Python library path are being ignored: /home/user/docker_ws/das_ros2_ws/install/distributed_algs/share/distributed_algs/param_launch.py
[0.739s] DEBUG:colcon.colcon_core.task.python.build:While undoing a previous installation files outside the Python library path are being ignored: /home/user/docker_ws/das_ros2_ws/install/distributed_algs/lib/distributed_algs/generic_agent
[0.741s] DEBUG:colcon.colcon_core.event_handler.log_command:Invoking command in '/home/user/docker_ws/das_ros2_ws/build/distributed_algs': PYTHONPATH=/home/user/docker_ws/das_ros2_ws/build/distributed_algs/prefix_override:/usr/lib/python3/dist-packages/colcon_core/task/python/colcon_distutils_commands:/home/user/docker_ws/das_ros2_ws/install/distributed_algs/lib/python3.10/site-packages:${PYTHONPATH} /usr/bin/python3 -W ignore:setup.py install is deprecated -W ignore:easy_install command is deprecated setup.py develop --editable --build-directory /home/user/docker_ws/das_ros2_ws/build/distributed_algs/build --no-deps symlink_data --force
[1.087s] Level 1:colcon.colcon_core.shell:create_environment_hook('pub_sub', 'pythonpath_develop')
[1.088s] DEBUG:colcon.colcon_core.event_handler.log_command:Invoked command in '/home/user/docker_ws/das_ros2_ws/build/pub_sub' returned '0': PYTHONPATH=/home/user/docker_ws/das_ros2_ws/build/pub_sub/prefix_override:/usr/lib/python3/dist-packages/colcon_core/task/python/colcon_distutils_commands:/home/user/docker_ws/das_ros2_ws/install/pub_sub/lib/python3.10/site-packages:${PYTHONPATH} /usr/bin/python3 -W ignore:setup.py install is deprecated -W ignore:easy_install command is deprecated setup.py develop --editable --build-directory /home/user/docker_ws/das_ros2_ws/build/pub_sub/build --no-deps symlink_data --force
[1.088s] INFO:colcon.colcon_core.shell:Creating environment hook '/home/user/docker_ws/das_ros2_ws/build/pub_sub/share/pub_sub/hook/pythonpath_develop.ps1'
[1.089s] INFO:colcon.colcon_core.shell:Creating environment descriptor '/home/user/docker_ws/das_ros2_ws/build/pub_sub/share/pub_sub/hook/pythonpath_develop.dsv'
[1.089s] INFO:colcon.colcon_core.shell:Creating environment hook '/home/user/docker_ws/das_ros2_ws/build/pub_sub/share/pub_sub/hook/pythonpath_develop.sh'
[1.091s] Level 1:colcon.colcon_core.environment:checking '/home/user/docker_ws/das_ros2_ws/install/pub_sub' for CMake module files
[1.092s] Level 1:colcon.colcon_core.environment:checking '/home/user/docker_ws/das_ros2_ws/install/pub_sub' for CMake config files
[1.092s] Level 1:colcon.colcon_core.environment:checking '/home/user/docker_ws/das_ros2_ws/install/pub_sub/lib'
[1.092s] Level 1:colcon.colcon_core.environment:checking '/home/user/docker_ws/das_ros2_ws/install/pub_sub/bin'
[1.092s] Level 1:colcon.colcon_core.environment:checking '/home/user/docker_ws/das_ros2_ws/install/pub_sub/lib/pkgconfig/pub_sub.pc'
[1.092s] Level 1:colcon.colcon_core.environment:checking '/home/user/docker_ws/das_ros2_ws/install/pub_sub/lib/python3.10/site-packages'
[1.093s] Level 1:colcon.colcon_core.shell:create_environment_hook('pub_sub', 'pythonpath')
[1.093s] INFO:colcon.colcon_core.shell:Creating environment hook '/home/user/docker_ws/das_ros2_ws/install/pub_sub/share/pub_sub/hook/pythonpath.ps1'
[1.093s] INFO:colcon.colcon_core.shell:Creating environment descriptor '/home/user/docker_ws/das_ros2_ws/install/pub_sub/share/pub_sub/hook/pythonpath.dsv'
[1.093s] INFO:colcon.colcon_core.shell:Creating environment hook '/home/user/docker_ws/das_ros2_ws/install/pub_sub/share/pub_sub/hook/pythonpath.sh'
[1.094s] Level 1:colcon.colcon_core.environment:checking '/home/user/docker_ws/das_ros2_ws/install/pub_sub/bin'
[1.094s] Level 1:colcon.colcon_core.environment:create_environment_scripts_only(pub_sub)
[1.094s] INFO:colcon.colcon_core.shell:Creating package script '/home/user/docker_ws/das_ros2_ws/install/pub_sub/share/pub_sub/package.ps1'
[1.095s] INFO:colcon.colcon_core.shell:Creating package descriptor '/home/user/docker_ws/das_ros2_ws/install/pub_sub/share/pub_sub/package.dsv'
[1.096s] INFO:colcon.colcon_core.shell:Creating package script '/home/user/docker_ws/das_ros2_ws/install/pub_sub/share/pub_sub/package.sh'
[1.096s] INFO:colcon.colcon_core.shell:Creating package script '/home/user/docker_ws/das_ros2_ws/install/pub_sub/share/pub_sub/package.bash'
[1.097s] INFO:colcon.colcon_core.shell:Creating package script '/home/user/docker_ws/das_ros2_ws/install/pub_sub/share/pub_sub/package.zsh'
[1.097s] Level 1:colcon.colcon_core.environment:create_file_with_runtime_dependencies(/home/user/docker_ws/das_ros2_ws/install/pub_sub/share/colcon-core/packages/pub_sub)
[1.098s] Level 1:colcon.colcon_core.shell:create_environment_hook('distributed_algs', 'pythonpath_develop')
[1.098s] INFO:colcon.colcon_core.shell:Creating environment hook '/home/user/docker_ws/das_ros2_ws/build/distributed_algs/share/distributed_algs/hook/pythonpath_develop.ps1'
[1.099s] DEBUG:colcon.colcon_core.event_handler.log_command:Invoked command in '/home/user/docker_ws/das_ros2_ws/build/distributed_algs' returned '0': PYTHONPATH=/home/user/docker_ws/das_ros2_ws/build/distributed_algs/prefix_override:/usr/lib/python3/dist-packages/colcon_core/task/python/colcon_distutils_commands:/home/user/docker_ws/das_ros2_ws/install/distributed_algs/lib/python3.10/site-packages:${PYTHONPATH} /usr/bin/python3 -W ignore:setup.py install is deprecated -W ignore:easy_install command is deprecated setup.py develop --editable --build-directory /home/user/docker_ws/das_ros2_ws/build/distributed_algs/build --no-deps symlink_data --force
[1.099s] INFO:colcon.colcon_core.shell:Creating environment descriptor '/home/user/docker_ws/das_ros2_ws/build/distributed_algs/share/distributed_algs/hook/pythonpath_develop.dsv'
[1.100s] INFO:colcon.colcon_core.shell:Creating environment hook '/home/user/docker_ws/das_ros2_ws/build/distributed_algs/share/distributed_algs/hook/pythonpath_develop.sh'
[1.100s] Level 1:colcon.colcon_core.environment:checking '/home/user/docker_ws/das_ros2_ws/install/distributed_algs' for CMake module files
[1.100s] Level 1:colcon.colcon_core.environment:checking '/home/user/docker_ws/das_ros2_ws/install/distributed_algs' for CMake config files
[1.101s] Level 1:colcon.colcon_core.environment:checking '/home/user/docker_ws/das_ros2_ws/install/distributed_algs/lib'
[1.101s] Level 1:colcon.colcon_core.environment:checking '/home/user/docker_ws/das_ros2_ws/install/distributed_algs/bin'
[1.101s] Level 1:colcon.colcon_core.environment:checking '/home/user/docker_ws/das_ros2_ws/install/distributed_algs/lib/pkgconfig/distributed_algs.pc'
[1.101s] Level 1:colcon.colcon_core.environment:checking '/home/user/docker_ws/das_ros2_ws/install/distributed_algs/lib/python3.10/site-packages'
[1.101s] Level 1:colcon.colcon_core.shell:create_environment_hook('distributed_algs', 'pythonpath')
[1.101s] INFO:colcon.colcon_core.shell:Creating environment hook '/home/user/docker_ws/das_ros2_ws/install/distributed_algs/share/distributed_algs/hook/pythonpath.ps1'
[1.101s] INFO:colcon.colcon_core.shell:Creating environment descriptor '/home/user/docker_ws/das_ros2_ws/install/distributed_algs/share/distributed_algs/hook/pythonpath.dsv'
[1.102s] INFO:colcon.colcon_core.shell:Creating environment hook '/home/user/docker_ws/das_ros2_ws/install/distributed_algs/share/distributed_algs/hook/pythonpath.sh'
[1.102s] Level 1:colcon.colcon_core.environment:checking '/home/user/docker_ws/das_ros2_ws/install/distributed_algs/bin'
[1.102s] Level 1:colcon.colcon_core.environment:create_environment_scripts_only(distributed_algs)
[1.102s] INFO:colcon.colcon_core.shell:Creating package script '/home/user/docker_ws/das_ros2_ws/install/distributed_algs/share/distributed_algs/package.ps1'
[1.103s] INFO:colcon.colcon_core.shell:Creating package descriptor '/home/user/docker_ws/das_ros2_ws/install/distributed_algs/share/distributed_algs/package.dsv'
[1.103s] INFO:colcon.colcon_core.shell:Creating package script '/home/user/docker_ws/das_ros2_ws/install/distributed_algs/share/distributed_algs/package.sh'
[1.103s] INFO:colcon.colcon_core.shell:Creating package script '/home/user/docker_ws/das_ros2_ws/install/distributed_algs/share/distributed_algs/package.bash'
[1.104s] INFO:colcon.colcon_core.shell:Creating package script '/home/user/docker_ws/das_ros2_ws/install/distributed_algs/share/distributed_algs/package.zsh'
[1.104s] Level 1:colcon.colcon_core.environment:create_file_with_runtime_dependencies(/home/user/docker_ws/das_ros2_ws/install/distributed_algs/share/colcon-core/packages/distributed_algs)
[1.104s] DEBUG:colcon.colcon_parallel_executor.executor.parallel:closing loop
[1.104s] DEBUG:colcon.colcon_parallel_executor.executor.parallel:loop closed
[1.104s] DEBUG:colcon.colcon_parallel_executor.executor.parallel:run_until_complete finished with '0'
[1.104s] DEBUG:colcon.colcon_core.event_reactor:joining thread
[1.109s] INFO:colcon.colcon_core.plugin_system:Skipping extension 'colcon_notification.desktop_notification.notify_send': Could not find 'notify-send'
[1.109s] INFO:colcon.colcon_core.plugin_system:Skipping extension 'colcon_notification.desktop_notification.terminal_notifier': Not used on non-Darwin systems
[1.109s] INFO:colcon.colcon_core.plugin_system:Skipping extension 'colcon_notification.desktop_notification.win32': Not used on non-Windows systems
[1.109s] INFO:colcon.colcon_notification.desktop_notification:Sending desktop notification using 'notify2'
[1.112s] DEBUG:colcon.colcon_notification.desktop_notification.notify2:Failed to initialize notify2: org.freedesktop.DBus.Error.Spawn.ExecFailed: /usr/bin/dbus-launch terminated abnormally without any error message
[1.112s] DEBUG:colcon.colcon_core.event_reactor:joined thread
[1.113s] INFO:colcon.colcon_core.shell:Creating prefix script '/home/user/docker_ws/das_ros2_ws/install/local_setup.ps1'
[1.114s] INFO:colcon.colcon_core.shell:Creating prefix util module '/home/user/docker_ws/das_ros2_ws/install/_local_setup_util_ps1.py'
[1.115s] INFO:colcon.colcon_core.shell:Creating prefix chain script '/home/user/docker_ws/das_ros2_ws/install/setup.ps1'
[1.116s] INFO:colcon.colcon_core.shell:Creating prefix script '/home/user/docker_ws/das_ros2_ws/install/local_setup.sh'
[1.116s] INFO:colcon.colcon_core.shell:Creating prefix util module '/home/user/docker_ws/das_ros2_ws/install/_local_setup_util_sh.py'
[1.117s] INFO:colcon.colcon_core.shell:Creating prefix chain script '/home/user/docker_ws/das_ros2_ws/install/setup.sh'
[1.118s] INFO:colcon.colcon_core.shell:Creating prefix script '/home/user/docker_ws/das_ros2_ws/install/local_setup.bash'
[1.119s] INFO:colcon.colcon_core.shell:Creating prefix chain script '/home/user/docker_ws/das_ros2_ws/install/setup.bash'
[1.120s] INFO:colcon.colcon_core.shell:Creating prefix script '/home/user/docker_ws/das_ros2_ws/install/local_setup.zsh'
[1.120s] INFO:colcon.colcon_core.shell:Creating prefix chain script '/home/user/docker_ws/das_ros2_ws/install/setup.zsh'
