[0.860s] Invoking command in '/home/user/docker_ws/das_ros2_ws/src/formation_control_ros': PYTHONPATH=/home/user/docker_ws/build/formation_control/prefix_override:/usr/lib/python3/dist-packages/colcon_core/task/python/colcon_distutils_commands:/home/user/docker_ws/install/formation_control/lib/python3.10/site-packages:${PYTHONPATH} /usr/bin/python3 -W ignore:setup.py install is deprecated -W ignore:easy_install command is deprecated setup.py egg_info --egg-base ../../../build/formation_control build --build-base /home/user/docker_ws/build/formation_control/build install --record /home/user/docker_ws/build/formation_control/install.log --single-version-externally-managed install_data
[0.994s] running egg_info
[0.994s] creating ../../../build/formation_control/formation_control_ros.egg-info
[1.001s] writing ../../../build/formation_control/formation_control_ros.egg-info/PKG-INFO
[1.001s] writing dependency_links to ../../../build/formation_control/formation_control_ros.egg-info/dependency_links.txt
[1.001s] writing entry points to ../../../build/formation_control/formation_control_ros.egg-info/entry_points.txt
[1.001s] writing requirements to ../../../build/formation_control/formation_control_ros.egg-info/requires.txt
[1.001s] writing top-level names to ../../../build/formation_control/formation_control_ros.egg-info/top_level.txt
[1.001s] writing manifest file '../../../build/formation_control/formation_control_ros.egg-info/SOURCES.txt'
[1.177s] reading manifest file '../../../build/formation_control/formation_control_ros.egg-info/SOURCES.txt'
[1.178s] writing manifest file '../../../build/formation_control/formation_control_ros.egg-info/SOURCES.txt'
[1.178s] running build
[1.179s] running build_py
[1.179s] creating /home/user/docker_ws/build/formation_control/build
[1.179s] creating /home/user/docker_ws/build/formation_control/build/lib
[1.179s] creating /home/user/docker_ws/build/formation_control/build/lib/formation_control_ros
[1.179s] copying formation_control_ros/the_agent.py -> /home/user/docker_ws/build/formation_control/build/lib/formation_control_ros
[1.180s] copying formation_control_ros/__init__.py -> /home/user/docker_ws/build/formation_control/build/lib/formation_control_ros
[1.180s] running install
[1.181s] running install_lib
[1.188s] creating /home/user/docker_ws/install/formation_control/lib/python3.10/site-packages/formation_control_ros
[1.188s] copying /home/user/docker_ws/build/formation_control/build/lib/formation_control_ros/the_agent.py -> /home/user/docker_ws/install/formation_control/lib/python3.10/site-packages/formation_control_ros
[1.189s] copying /home/user/docker_ws/build/formation_control/build/lib/formation_control_ros/__init__.py -> /home/user/docker_ws/install/formation_control/lib/python3.10/site-packages/formation_control_ros
[1.189s] byte-compiling /home/user/docker_ws/install/formation_control/lib/python3.10/site-packages/formation_control_ros/the_agent.py to the_agent.cpython-310.pyc
[1.189s] error: can't copy 'resource/formation_control_ros': doesn't exist or not a regular file
[1.189s] byte-compiling /home/user/docker_ws/install/formation_control/lib/python3.10/site-packages/formation_control_ros/__init__.py to __init__.cpython-310.pyc
[1.190s] running install_data
[1.202s] Invoked command in '/home/user/docker_ws/das_ros2_ws/src/formation_control_ros' returned '1': PYTHONPATH=/home/user/docker_ws/build/formation_control/prefix_override:/usr/lib/python3/dist-packages/colcon_core/task/python/colcon_distutils_commands:/home/user/docker_ws/install/formation_control/lib/python3.10/site-packages:${PYTHONPATH} /usr/bin/python3 -W ignore:setup.py install is deprecated -W ignore:easy_install command is deprecated setup.py egg_info --egg-base ../../../build/formation_control build --build-base /home/user/docker_ws/build/formation_control/build install --record /home/user/docker_ws/build/formation_control/install.log --single-version-externally-managed install_data
