[0.765s] Invoking command in '/home/user/docker_ws/das_ros2_ws/src/formation_control_ros': PYTHONPATH=/home/user/docker_ws/build/formation_control/prefix_override:/usr/lib/python3/dist-packages/colcon_core/task/python/colcon_distutils_commands:/home/user/docker_ws/install/formation_control/lib/python3.10/site-packages:${PYTHONPATH} /usr/bin/python3 -W ignore:setup.py install is deprecated -W ignore:easy_install command is deprecated setup.py egg_info --egg-base ../../../build/formation_control build --build-base /home/user/docker_ws/build/formation_control/build install --record /home/user/docker_ws/build/formation_control/install.log --single-version-externally-managed install_data
[0.894s] running egg_info
[0.900s] writing ../../../build/formation_control/formation_control_ros.egg-info/PKG-INFO
[0.900s] writing dependency_links to ../../../build/formation_control/formation_control_ros.egg-info/dependency_links.txt
[0.900s] writing entry points to ../../../build/formation_control/formation_control_ros.egg-info/entry_points.txt
[0.900s] writing requirements to ../../../build/formation_control/formation_control_ros.egg-info/requires.txt
[0.901s] writing top-level names to ../../../build/formation_control/formation_control_ros.egg-info/top_level.txt
[0.946s] reading manifest file '../../../build/formation_control/formation_control_ros.egg-info/SOURCES.txt'
[0.946s] writing manifest file '../../../build/formation_control/formation_control_ros.egg-info/SOURCES.txt'
[0.947s] running build
[0.947s] running build_py
[0.947s] copying formation_control_ros/the_agent.py -> /home/user/docker_ws/build/formation_control/build/lib/formation_control_ros
[0.947s] running install
[0.951s] running install_lib
[0.957s] copying /home/user/docker_ws/build/formation_control/build/lib/formation_control_ros/the_agent.py -> /home/user/docker_ws/install/formation_control/lib/python3.10/site-packages/formation_control_ros
[0.958s] byte-compiling /home/user/docker_ws/install/formation_control/lib/python3.10/site-packages/formation_control_ros/the_agent.py to the_agent.cpython-310.pyc
[0.959s] running install_data
[0.959s] copying resource/formation_control_ros -> /home/user/docker_ws/install/formation_control/share/ament_index/resource_index/packages
[0.959s] creating /home/user/docker_ws/install/formation_control/share/formation_control_ros
[0.959s] copying package.xml -> /home/user/docker_ws/install/formation_control/share/formation_control_ros
[0.959s] copying launch_folder/formation_launch.py -> /home/user/docker_ws/install/formation_control/share/formation_control_ros
[0.959s] running install_egg_info
[0.965s] Copying ../../../build/formation_control/formation_control_ros.egg-info to /home/user/docker_ws/install/formation_control/lib/python3.10/site-packages/formation_control_ros-0.0.0-py3.10.egg-info
[0.966s] running install_scripts
[1.034s] Installing generic_agent script to /home/user/docker_ws/install/formation_control/lib/formation_control_ros
[1.034s] writing list of installed files to '/home/user/docker_ws/build/formation_control/install.log'
[1.077s] Invoked command in '/home/user/docker_ws/das_ros2_ws/src/formation_control_ros' returned '0': PYTHONPATH=/home/user/docker_ws/build/formation_control/prefix_override:/usr/lib/python3/dist-packages/colcon_core/task/python/colcon_distutils_commands:/home/user/docker_ws/install/formation_control/lib/python3.10/site-packages:${PYTHONPATH} /usr/bin/python3 -W ignore:setup.py install is deprecated -W ignore:easy_install command is deprecated setup.py egg_info --egg-base ../../../build/formation_control build --build-base /home/user/docker_ws/build/formation_control/build install --record /home/user/docker_ws/build/formation_control/install.log --single-version-externally-managed install_data
