/usr/local/lib/python3.10/dist-packages/setuptools/dist.py:745: SetuptoolsDeprecationWarning: Invalid dash-separated options
!!

        ********************************************************************************
        Usage of dash-separated 'script-dir' will not be supported in future
        versions. Please use the underscore name 'script_dir' instead.

        This deprecation is overdue, please update your project and remove deprecated
        calls to avoid build errors in the future.

        See https://setuptools.pypa.io/en/latest/userguide/declarative_config.html for details.
        ********************************************************************************

!!
  opt = self.warn_dash_deprecation(opt, section)
running develop
Removing /home/user/docker_ws/das_ros2_ws/install/pub_sub/lib/python3.10/site-packages/pub-sub.egg-link (link to .)
/usr/local/lib/python3.10/dist-packages/setuptools/dist.py:745: SetuptoolsDeprecationWarning: Invalid dash-separated options
!!

        ********************************************************************************
        Usage of dash-separated 'script-dir' will not be supported in future
        versions. Please use the underscore name 'script_dir' instead.

        This deprecation is overdue, please update your project and remove deprecated
        calls to avoid build errors in the future.

        See https://setuptools.pypa.io/en/latest/userguide/declarative_config.html for details.
        ********************************************************************************

!!
  opt = self.warn_dash_deprecation(opt, section)
running egg_info
writing ../../build/pub_sub/pub_sub.egg-info/PKG-INFO
writing dependency_links to ../../build/pub_sub/pub_sub.egg-info/dependency_links.txt
writing entry points to ../../build/pub_sub/pub_sub.egg-info/entry_points.txt
writing requirements to ../../build/pub_sub/pub_sub.egg-info/requires.txt
writing top-level names to ../../build/pub_sub/pub_sub.egg-info/top_level.txt
ERROR setuptools_scm._file_finders.git listing git files failed - pretending there aren't any
reading manifest file '../../build/pub_sub/pub_sub.egg-info/SOURCES.txt'
writing manifest file '../../build/pub_sub/pub_sub.egg-info/SOURCES.txt'
running build
running build_py
creating /home/user/docker_ws/das_ros2_ws/build/pub_sub/build
creating /home/user/docker_ws/das_ros2_ws/build/pub_sub/build/lib
creating /home/user/docker_ws/das_ros2_ws/build/pub_sub/build/lib/pub_sub
copying pub_sub/source_file.py -> /home/user/docker_ws/das_ros2_ws/build/pub_sub/build/lib/pub_sub
copying pub_sub/__init__.py -> /home/user/docker_ws/das_ros2_ws/build/pub_sub/build/lib/pub_sub
copying pub_sub/publisher.py -> /home/user/docker_ws/das_ros2_ws/build/pub_sub/build/lib/pub_sub
copying pub_sub/subscriber.py -> /home/user/docker_ws/das_ros2_ws/build/pub_sub/build/lib/pub_sub
running install
running install_lib
creating /home/user/docker_ws/das_ros2_ws/install/pub_sub/lib/python3.10/site-packages/pub_sub
copying /home/user/docker_ws/das_ros2_ws/build/pub_sub/build/lib/pub_sub/source_file.py -> /home/user/docker_ws/das_ros2_ws/install/pub_sub/lib/python3.10/site-packages/pub_sub
copying /home/user/docker_ws/das_ros2_ws/build/pub_sub/build/lib/pub_sub/__init__.py -> /home/user/docker_ws/das_ros2_ws/install/pub_sub/lib/python3.10/site-packages/pub_sub
copying /home/user/docker_ws/das_ros2_ws/build/pub_sub/build/lib/pub_sub/publisher.py -> /home/user/docker_ws/das_ros2_ws/install/pub_sub/lib/python3.10/site-packages/pub_sub
copying /home/user/docker_ws/das_ros2_ws/build/pub_sub/build/lib/pub_sub/subscriber.py -> /home/user/docker_ws/das_ros2_ws/install/pub_sub/lib/python3.10/site-packages/pub_sub
byte-compiling /home/user/docker_ws/das_ros2_ws/install/pub_sub/lib/python3.10/site-packages/pub_sub/source_file.py to source_file.cpython-310.pyc
byte-compiling /home/user/docker_ws/das_ros2_ws/install/pub_sub/lib/python3.10/site-packages/pub_sub/__init__.py to __init__.cpython-310.pyc
byte-compiling /home/user/docker_ws/das_ros2_ws/install/pub_sub/lib/python3.10/site-packages/pub_sub/publisher.py to publisher.cpython-310.pyc
byte-compiling /home/user/docker_ws/das_ros2_ws/install/pub_sub/lib/python3.10/site-packages/pub_sub/subscriber.py to subscriber.cpython-310.pyc
running install_data
copying resource/pub_sub -> /home/user/docker_ws/das_ros2_ws/install/pub_sub/share/ament_index/resource_index/packages
copying package.xml -> /home/user/docker_ws/das_ros2_ws/install/pub_sub/share/pub_sub
copying launch_folder/pub_sub_launch.py -> /home/user/docker_ws/das_ros2_ws/install/pub_sub/share/pub_sub
running install_egg_info
Copying ../../build/pub_sub/pub_sub.egg-info to /home/user/docker_ws/das_ros2_ws/install/pub_sub/lib/python3.10/site-packages/pub_sub-0.0.0-py3.10.egg-info
running install_scripts
Installing listener script to /home/user/docker_ws/das_ros2_ws/install/pub_sub/lib/pub_sub
Installing talker script to /home/user/docker_ws/das_ros2_ws/install/pub_sub/lib/pub_sub
writing list of installed files to '/home/user/docker_ws/das_ros2_ws/build/pub_sub/install.log'
