[0.861s] Invoking command in '/home/user/docker_ws/das_ros2_ws/src/pub_sub': PYTHONPATH=/home/user/docker_ws/build/pub_sub/prefix_override:/usr/lib/python3/dist-packages/colcon_core/task/python/colcon_distutils_commands:/home/user/docker_ws/install/pub_sub/lib/python3.10/site-packages:${PYTHONPATH} /usr/bin/python3 -W ignore:setup.py install is deprecated -W ignore:easy_install command is deprecated setup.py egg_info --egg-base ../../../build/pub_sub build --build-base /home/user/docker_ws/build/pub_sub/build install --record /home/user/docker_ws/build/pub_sub/install.log --single-version-externally-managed install_data
[0.995s] running egg_info
[0.995s] creating ../../../build/pub_sub/pub_sub.egg-info
[1.001s] writing ../../../build/pub_sub/pub_sub.egg-info/PKG-INFO
[1.001s] writing dependency_links to ../../../build/pub_sub/pub_sub.egg-info/dependency_links.txt
[1.001s] writing entry points to ../../../build/pub_sub/pub_sub.egg-info/entry_points.txt
[1.001s] writing requirements to ../../../build/pub_sub/pub_sub.egg-info/requires.txt
[1.002s] writing top-level names to ../../../build/pub_sub/pub_sub.egg-info/top_level.txt
[1.002s] writing manifest file '../../../build/pub_sub/pub_sub.egg-info/SOURCES.txt'
[1.175s] writing manifest file '../../../build/pub_sub/pub_sub.egg-info/SOURCES.txt'
[1.176s] running build
[1.176s] running build_py
[1.176s] creating /home/user/docker_ws/build/pub_sub/build
[1.176s] creating /home/user/docker_ws/build/pub_sub/build/lib
[1.176s] creating /home/user/docker_ws/build/pub_sub/build/lib/pub_sub
[1.176s] copying pub_sub/source_file.py -> /home/user/docker_ws/build/pub_sub/build/lib/pub_sub
[1.176s] copying pub_sub/__init__.py -> /home/user/docker_ws/build/pub_sub/build/lib/pub_sub
[1.177s] copying pub_sub/publisher.py -> /home/user/docker_ws/build/pub_sub/build/lib/pub_sub
[1.177s] copying pub_sub/subscriber.py -> /home/user/docker_ws/build/pub_sub/build/lib/pub_sub
[1.177s] running install
[1.179s] running install_lib
[1.185s] creating /home/user/docker_ws/install/pub_sub/lib/python3.10/site-packages/pub_sub
[1.186s] copying /home/user/docker_ws/build/pub_sub/build/lib/pub_sub/source_file.py -> /home/user/docker_ws/install/pub_sub/lib/python3.10/site-packages/pub_sub
[1.186s] copying /home/user/docker_ws/build/pub_sub/build/lib/pub_sub/__init__.py -> /home/user/docker_ws/install/pub_sub/lib/python3.10/site-packages/pub_sub
[1.186s] copying /home/user/docker_ws/build/pub_sub/build/lib/pub_sub/publisher.py -> /home/user/docker_ws/install/pub_sub/lib/python3.10/site-packages/pub_sub
[1.186s] copying /home/user/docker_ws/build/pub_sub/build/lib/pub_sub/subscriber.py -> /home/user/docker_ws/install/pub_sub/lib/python3.10/site-packages/pub_sub
[1.186s] byte-compiling /home/user/docker_ws/install/pub_sub/lib/python3.10/site-packages/pub_sub/source_file.py to source_file.cpython-310.pyc
[1.186s] byte-compiling /home/user/docker_ws/install/pub_sub/lib/python3.10/site-packages/pub_sub/__init__.py to __init__.cpython-310.pyc
[1.186s] byte-compiling /home/user/docker_ws/install/pub_sub/lib/python3.10/site-packages/pub_sub/publisher.py to publisher.cpython-310.pyc
[1.187s] byte-compiling /home/user/docker_ws/install/pub_sub/lib/python3.10/site-packages/pub_sub/subscriber.py to subscriber.cpython-310.pyc
[1.187s] running install_data
[1.187s] creating /home/user/docker_ws/install/pub_sub/share/ament_index
[1.187s] creating /home/user/docker_ws/install/pub_sub/share/ament_index/resource_index
[1.187s] creating /home/user/docker_ws/install/pub_sub/share/ament_index/resource_index/packages
[1.187s] copying resource/pub_sub -> /home/user/docker_ws/install/pub_sub/share/ament_index/resource_index/packages
[1.187s] copying package.xml -> /home/user/docker_ws/install/pub_sub/share/pub_sub
[1.187s] copying launch_folder/pub_sub_launch.py -> /home/user/docker_ws/install/pub_sub/share/pub_sub
[1.187s] running install_egg_info
[1.193s] Copying ../../../build/pub_sub/pub_sub.egg-info to /home/user/docker_ws/install/pub_sub/lib/python3.10/site-packages/pub_sub-0.0.0-py3.10.egg-info
[1.194s] running install_scripts
[1.259s] Installing listener script to /home/user/docker_ws/install/pub_sub/lib/pub_sub
[1.259s] Installing talker script to /home/user/docker_ws/install/pub_sub/lib/pub_sub
[1.259s] writing list of installed files to '/home/user/docker_ws/build/pub_sub/install.log'
