/usr/local/lib/python3.10/dist-packages/setuptools/dist.py:745: SetuptoolsDeprecationWarning: Invalid dash-separated options
!!

        ********************************************************************************
        Usage of dash-separated 'script-dir' will not be supported in future
        versions. Please use the underscore name 'script_dir' instead.

        This deprecation is overdue, please update your project and remove deprecated
        calls to avoid build errors in the future.

        See https://setuptools.pypa.io/en/latest/userguide/declarative_config.html for details.
        ********************************************************************************

!!
  opt = self.warn_dash_deprecation(opt, section)
running develop
running egg_info
creating pub_sub.egg-info
writing pub_sub.egg-info/PKG-INFO
writing dependency_links to pub_sub.egg-info/dependency_links.txt
writing entry points to pub_sub.egg-info/entry_points.txt
writing requirements to pub_sub.egg-info/requires.txt
writing top-level names to pub_sub.egg-info/top_level.txt
writing manifest file 'pub_sub.egg-info/SOURCES.txt'
ERROR setuptools_scm._file_finders.git listing git files failed - pretending there aren't any
reading manifest file 'pub_sub.egg-info/SOURCES.txt'
writing manifest file 'pub_sub.egg-info/SOURCES.txt'
running build_ext
Creating /home/user/docker_ws/das_ros2_ws/install/pub_sub/lib/python3.10/site-packages/pub-sub.egg-link (link to .)
Installing listener script to /home/user/docker_ws/das_ros2_ws/install/pub_sub/lib/pub_sub
Installing talker script to /home/user/docker_ws/das_ros2_ws/install/pub_sub/lib/pub_sub

Installed /home/user/docker_ws/das_ros2_ws/build/pub_sub
running symlink_data
creating /home/user/docker_ws/das_ros2_ws/install/pub_sub/share/ament_index
creating /home/user/docker_ws/das_ros2_ws/install/pub_sub/share/ament_index/resource_index
creating /home/user/docker_ws/das_ros2_ws/install/pub_sub/share/ament_index/resource_index/packages
symbolically linking /home/user/docker_ws/das_ros2_ws/build/pub_sub/resource/pub_sub -> /home/user/docker_ws/das_ros2_ws/install/pub_sub/share/ament_index/resource_index/packages
symbolically linking /home/user/docker_ws/das_ros2_ws/build/pub_sub/package.xml -> /home/user/docker_ws/das_ros2_ws/install/pub_sub/share/pub_sub
symbolically linking /home/user/docker_ws/das_ros2_ws/build/pub_sub/launch_folder/pub_sub_launch.py -> /home/user/docker_ws/das_ros2_ws/install/pub_sub/share/pub_sub
