[0.628s] Invoking command in '/home/user/docker_ws/das_ros2_ws/build/pub_sub': PYTHONPATH=/home/user/docker_ws/das_ros2_ws/build/pub_sub/prefix_override:/usr/lib/python3/dist-packages/colcon_core/task/python/colcon_distutils_commands:/home/user/docker_ws/das_ros2_ws/install/pub_sub/lib/python3.10/site-packages:${PYTHONPATH} /usr/bin/python3 -W ignore:setup.py install is deprecated -W ignore:easy_install command is deprecated setup.py develop --editable --build-directory /home/user/docker_ws/das_ros2_ws/build/pub_sub/build --no-deps symlink_data
[0.713s] /usr/local/lib/python3.10/dist-packages/setuptools/dist.py:745: SetuptoolsDeprecationWarning: Invalid dash-separated options
[0.714s] !!
[0.714s] 
[0.714s]         ********************************************************************************
[0.714s]         Usage of dash-separated 'script-dir' will not be supported in future
[0.714s]         versions. Please use the underscore name 'script_dir' instead.
[0.714s] 
[0.714s]         This deprecation is overdue, please update your project and remove deprecated
[0.714s]         calls to avoid build errors in the future.
[0.714s] 
[0.714s]         See https://setuptools.pypa.io/en/latest/userguide/declarative_config.html for details.
[0.714s]         ********************************************************************************
[0.714s] 
[0.714s] !!
[0.714s]   opt = self.warn_dash_deprecation(opt, section)
[0.811s] running develop
[0.898s] running egg_info
[0.898s] creating pub_sub.egg-info
[0.905s] writing pub_sub.egg-info/PKG-INFO
[0.905s] writing dependency_links to pub_sub.egg-info/dependency_links.txt
[0.906s] writing entry points to pub_sub.egg-info/entry_points.txt
[0.906s] writing requirements to pub_sub.egg-info/requires.txt
[0.906s] writing top-level names to pub_sub.egg-info/top_level.txt
[0.906s] writing manifest file 'pub_sub.egg-info/SOURCES.txt'
[0.938s] ERROR setuptools_scm._file_finders.git listing git files failed - pretending there aren't any
[0.939s] reading manifest file 'pub_sub.egg-info/SOURCES.txt'
[0.940s] writing manifest file 'pub_sub.egg-info/SOURCES.txt'
[0.950s] running build_ext
[0.954s] Creating /home/user/docker_ws/das_ros2_ws/install/pub_sub/lib/python3.10/site-packages/pub-sub.egg-link (link to .)
[0.955s] Installing listener script to /home/user/docker_ws/das_ros2_ws/install/pub_sub/lib/pub_sub
[0.955s] Installing talker script to /home/user/docker_ws/das_ros2_ws/install/pub_sub/lib/pub_sub
[0.955s] 
[0.955s] Installed /home/user/docker_ws/das_ros2_ws/build/pub_sub
[0.955s] running symlink_data
[0.955s] creating /home/user/docker_ws/das_ros2_ws/install/pub_sub/share/ament_index
[0.955s] creating /home/user/docker_ws/das_ros2_ws/install/pub_sub/share/ament_index/resource_index
[0.955s] creating /home/user/docker_ws/das_ros2_ws/install/pub_sub/share/ament_index/resource_index/packages
[0.955s] symbolically linking /home/user/docker_ws/das_ros2_ws/build/pub_sub/resource/pub_sub -> /home/user/docker_ws/das_ros2_ws/install/pub_sub/share/ament_index/resource_index/packages
[0.955s] symbolically linking /home/user/docker_ws/das_ros2_ws/build/pub_sub/package.xml -> /home/user/docker_ws/das_ros2_ws/install/pub_sub/share/pub_sub
[0.956s] symbolically linking /home/user/docker_ws/das_ros2_ws/build/pub_sub/launch_folder/pub_sub_launch.py -> /home/user/docker_ws/das_ros2_ws/install/pub_sub/share/pub_sub
[0.975s] Invoked command in '/home/user/docker_ws/das_ros2_ws/build/pub_sub' returned '0': PYTHONPATH=/home/user/docker_ws/das_ros2_ws/build/pub_sub/prefix_override:/usr/lib/python3/dist-packages/colcon_core/task/python/colcon_distutils_commands:/home/user/docker_ws/das_ros2_ws/install/pub_sub/lib/python3.10/site-packages:${PYTHONPATH} /usr/bin/python3 -W ignore:setup.py install is deprecated -W ignore:easy_install command is deprecated setup.py develop --editable --build-directory /home/user/docker_ws/das_ros2_ws/build/pub_sub/build --no-deps symlink_data
