[0.739s] Invoking command in '/home/user/docker_ws/das_ros2_ws/src/formation_control_ros': PYTHONPATH=/home/user/docker_ws/build/formation_control_ros/prefix_override:/usr/lib/python3/dist-packages/colcon_core/task/python/colcon_distutils_commands:/home/user/docker_ws/install/formation_control_ros/lib/python3.10/site-packages:${PYTHONPATH} /usr/bin/python3 -W ignore:setup.py install is deprecated -W ignore:easy_install command is deprecated setup.py egg_info --egg-base ../../../build/formation_control_ros build --build-base /home/user/docker_ws/build/formation_control_ros/build install --record /home/user/docker_ws/build/formation_control_ros/install.log --single-version-externally-managed install_data
[0.866s] running egg_info
[0.874s] writing ../../../build/formation_control_ros/formation_control_ros.egg-info/PKG-INFO
[0.874s] writing dependency_links to ../../../build/formation_control_ros/formation_control_ros.egg-info/dependency_links.txt
[0.874s] writing entry points to ../../../build/formation_control_ros/formation_control_ros.egg-info/entry_points.txt
[0.874s] writing requirements to ../../../build/formation_control_ros/formation_control_ros.egg-info/requires.txt
[0.874s] writing top-level names to ../../../build/formation_control_ros/formation_control_ros.egg-info/top_level.txt
[0.921s] reading manifest file '../../../build/formation_control_ros/formation_control_ros.egg-info/SOURCES.txt'
[0.922s] writing manifest file '../../../build/formation_control_ros/formation_control_ros.egg-info/SOURCES.txt'
[0.922s] running build
[0.922s] running build_py
[0.922s] running install
[0.926s] running install_lib
[0.933s] running install_data
[0.933s] running install_egg_info
[0.939s] removing '/home/user/docker_ws/install/formation_control_ros/lib/python3.10/site-packages/formation_control_ros-0.0.0-py3.10.egg-info' (and everything under it)
[0.940s] Copying ../../../build/formation_control_ros/formation_control_ros.egg-info to /home/user/docker_ws/install/formation_control_ros/lib/python3.10/site-packages/formation_control_ros-0.0.0-py3.10.egg-info
[0.940s] running install_scripts
[1.008s] Installing generic_agent script to /home/user/docker_ws/install/formation_control_ros/lib/formation_control_ros
[1.009s] writing list of installed files to '/home/user/docker_ws/build/formation_control_ros/install.log'
[1.047s] Invoked command in '/home/user/docker_ws/das_ros2_ws/src/formation_control_ros' returned '0': PYTHONPATH=/home/user/docker_ws/build/formation_control_ros/prefix_override:/usr/lib/python3/dist-packages/colcon_core/task/python/colcon_distutils_commands:/home/user/docker_ws/install/formation_control_ros/lib/python3.10/site-packages:${PYTHONPATH} /usr/bin/python3 -W ignore:setup.py install is deprecated -W ignore:easy_install command is deprecated setup.py egg_info --egg-base ../../../build/formation_control_ros build --build-base /home/user/docker_ws/build/formation_control_ros/build install --record /home/user/docker_ws/build/formation_control_ros/install.log --single-version-externally-managed install_data
