[0.084s] DEBUG:colcon:Command line arguments: ['/usr/bin/colcon', 'list', '-p', '--base-paths', '/home/andre/das_ws/docker_ws/das_ros2_ws']
[0.085s] DEBUG:colcon:Parsed command line arguments: Namespace(log_base=None, log_level=None, verb_name='list', build_base='build', ignore_user_meta=False, metas=['./colcon.meta'], base_paths=['/home/andre/das_ws/docker_ws/das_ros2_ws'], packages_ignore=None, packages_ignore_regex=None, paths=None, packages_up_to=None, packages_up_to_regex=None, packages_above=None, packages_above_and_dependencies=None, packages_above_depth=None, packages_select_by_dep=None, packages_skip_by_dep=None, packages_skip_up_to=None, packages_select_build_failed=False, packages_skip_build_finished=False, packages_select_test_failures=False, packages_skip_test_passed=False, packages_select=None, packages_skip=None, packages_select_regex=None, packages_skip_regex=None, packages_start=None, packages_end=None, allow_overriding=[], topological_order=False, names_only=False, paths_only=True, topological_graph=False, topological_graph_dot=False, topological_graph_density=False, topological_graph_legend=False, topological_graph_dot_cluster=False, topological_graph_dot_include_skipped=False, verb_parser=<colcon_defaults.argument_parser.defaults.DefaultArgumentsDecorator object at 0x7b244d46cb80>, verb_extension=<colcon_package_information.verb.list.ListVerb object at 0x7b244d437d00>, main=<bound method ListVerb.main of <colcon_package_information.verb.list.ListVerb object at 0x7b244d437d00>>)
[0.272s] Level 1:colcon.colcon_core.package_discovery:discover_packages(colcon_meta) check parameters
[0.272s] Level 1:colcon.colcon_core.package_discovery:discover_packages(recursive) check parameters
[0.272s] Level 1:colcon.colcon_core.package_discovery:discover_packages(ignore) check parameters
[0.272s] Level 1:colcon.colcon_core.package_discovery:discover_packages(path) check parameters
[0.272s] Level 1:colcon.colcon_core.package_discovery:discover_packages(recursive) discover
[0.272s] INFO:colcon.colcon_core.package_discovery:Crawling recursively for packages in '/home/andre/das_ws/docker_ws/das_ros2_ws'
[0.272s] Level 1:colcon.colcon_core.package_identification:_identify(/home/andre/das_ws/docker_ws/das_ros2_ws) by extensions ['ignore', 'ignore_ament_install']
[0.273s] Level 1:colcon.colcon_core.package_identification:_identify(/home/andre/das_ws/docker_ws/das_ros2_ws) by extension 'ignore'
[0.273s] Level 1:colcon.colcon_core.package_identification:_identify(/home/andre/das_ws/docker_ws/das_ros2_ws) by extension 'ignore_ament_install'
[0.273s] Level 1:colcon.colcon_core.package_identification:_identify(/home/andre/das_ws/docker_ws/das_ros2_ws) by extensions ['colcon_pkg']
[0.273s] Level 1:colcon.colcon_core.package_identification:_identify(/home/andre/das_ws/docker_ws/das_ros2_ws) by extension 'colcon_pkg'
[0.273s] Level 1:colcon.colcon_core.package_identification:_identify(/home/andre/das_ws/docker_ws/das_ros2_ws) by extensions ['colcon_meta']
[0.273s] Level 1:colcon.colcon_core.package_identification:_identify(/home/andre/das_ws/docker_ws/das_ros2_ws) by extension 'colcon_meta'
[0.273s] Level 1:colcon.colcon_core.package_identification:_identify(/home/andre/das_ws/docker_ws/das_ros2_ws) by extensions ['ros']
[0.273s] Level 1:colcon.colcon_core.package_identification:_identify(/home/andre/das_ws/docker_ws/das_ros2_ws) by extension 'ros'
[0.285s] Level 1:colcon.colcon_core.package_identification:_identify(/home/andre/das_ws/docker_ws/das_ros2_ws) by extensions ['cmake', 'python']
[0.286s] Level 1:colcon.colcon_core.package_identification:_identify(/home/andre/das_ws/docker_ws/das_ros2_ws) by extension 'cmake'
[0.286s] Level 1:colcon.colcon_core.package_identification:_identify(/home/andre/das_ws/docker_ws/das_ros2_ws) by extension 'python'
[0.286s] Level 1:colcon.colcon_core.package_identification:_identify(/home/andre/das_ws/docker_ws/das_ros2_ws) by extensions ['python_setup_py']
[0.286s] Level 1:colcon.colcon_core.package_identification:_identify(/home/andre/das_ws/docker_ws/das_ros2_ws) by extension 'python_setup_py'
[0.286s] Level 1:colcon.colcon_core.package_identification:_identify(/home/andre/das_ws/docker_ws/das_ros2_ws/build) by extensions ['ignore', 'ignore_ament_install']
[0.286s] Level 1:colcon.colcon_core.package_identification:_identify(/home/andre/das_ws/docker_ws/das_ros2_ws/build) by extension 'ignore'
[0.286s] Level 1:colcon.colcon_core.package_identification:_identify(/home/andre/das_ws/docker_ws/das_ros2_ws/build) ignored
[0.286s] Level 1:colcon.colcon_core.package_identification:_identify(/home/andre/das_ws/docker_ws/das_ros2_ws/install) by extensions ['ignore', 'ignore_ament_install']
[0.286s] Level 1:colcon.colcon_core.package_identification:_identify(/home/andre/das_ws/docker_ws/das_ros2_ws/install) by extension 'ignore'
[0.286s] Level 1:colcon.colcon_core.package_identification:_identify(/home/andre/das_ws/docker_ws/das_ros2_ws/install) ignored
[0.286s] Level 1:colcon.colcon_core.package_identification:_identify(/home/andre/das_ws/docker_ws/das_ros2_ws/log) by extensions ['ignore', 'ignore_ament_install']
[0.286s] Level 1:colcon.colcon_core.package_identification:_identify(/home/andre/das_ws/docker_ws/das_ros2_ws/log) by extension 'ignore'
[0.286s] Level 1:colcon.colcon_core.package_identification:_identify(/home/andre/das_ws/docker_ws/das_ros2_ws/log) ignored
[0.287s] Level 1:colcon.colcon_core.package_identification:_identify(/home/andre/das_ws/docker_ws/das_ros2_ws/src) by extensions ['ignore', 'ignore_ament_install']
[0.287s] Level 1:colcon.colcon_core.package_identification:_identify(/home/andre/das_ws/docker_ws/das_ros2_ws/src) by extension 'ignore'
[0.287s] Level 1:colcon.colcon_core.package_identification:_identify(/home/andre/das_ws/docker_ws/das_ros2_ws/src) by extension 'ignore_ament_install'
[0.287s] Level 1:colcon.colcon_core.package_identification:_identify(/home/andre/das_ws/docker_ws/das_ros2_ws/src) by extensions ['colcon_pkg']
[0.287s] Level 1:colcon.colcon_core.package_identification:_identify(/home/andre/das_ws/docker_ws/das_ros2_ws/src) by extension 'colcon_pkg'
[0.287s] Level 1:colcon.colcon_core.package_identification:_identify(/home/andre/das_ws/docker_ws/das_ros2_ws/src) by extensions ['colcon_meta']
[0.287s] Level 1:colcon.colcon_core.package_identification:_identify(/home/andre/das_ws/docker_ws/das_ros2_ws/src) by extension 'colcon_meta'
[0.287s] Level 1:colcon.colcon_core.package_identification:_identify(/home/andre/das_ws/docker_ws/das_ros2_ws/src) by extensions ['ros']
[0.287s] Level 1:colcon.colcon_core.package_identification:_identify(/home/andre/das_ws/docker_ws/das_ros2_ws/src) by extension 'ros'
[0.287s] Level 1:colcon.colcon_core.package_identification:_identify(/home/andre/das_ws/docker_ws/das_ros2_ws/src) by extensions ['cmake', 'python']
[0.287s] Level 1:colcon.colcon_core.package_identification:_identify(/home/andre/das_ws/docker_ws/das_ros2_ws/src) by extension 'cmake'
[0.287s] Level 1:colcon.colcon_core.package_identification:_identify(/home/andre/das_ws/docker_ws/das_ros2_ws/src) by extension 'python'
[0.287s] Level 1:colcon.colcon_core.package_identification:_identify(/home/andre/das_ws/docker_ws/das_ros2_ws/src) by extensions ['python_setup_py']
[0.287s] Level 1:colcon.colcon_core.package_identification:_identify(/home/andre/das_ws/docker_ws/das_ros2_ws/src) by extension 'python_setup_py'
[0.287s] Level 1:colcon.colcon_core.package_identification:_identify(/home/andre/das_ws/docker_ws/das_ros2_ws/src/containment) by extensions ['ignore', 'ignore_ament_install']
[0.287s] Level 1:colcon.colcon_core.package_identification:_identify(/home/andre/das_ws/docker_ws/das_ros2_ws/src/containment) by extension 'ignore'
[0.287s] Level 1:colcon.colcon_core.package_identification:_identify(/home/andre/das_ws/docker_ws/das_ros2_ws/src/containment) by extension 'ignore_ament_install'
[0.287s] Level 1:colcon.colcon_core.package_identification:_identify(/home/andre/das_ws/docker_ws/das_ros2_ws/src/containment) by extensions ['colcon_pkg']
[0.287s] Level 1:colcon.colcon_core.package_identification:_identify(/home/andre/das_ws/docker_ws/das_ros2_ws/src/containment) by extension 'colcon_pkg'
[0.287s] Level 1:colcon.colcon_core.package_identification:_identify(/home/andre/das_ws/docker_ws/das_ros2_ws/src/containment) by extensions ['colcon_meta']
[0.287s] Level 1:colcon.colcon_core.package_identification:_identify(/home/andre/das_ws/docker_ws/das_ros2_ws/src/containment) by extension 'colcon_meta'
[0.287s] Level 1:colcon.colcon_core.package_identification:_identify(/home/andre/das_ws/docker_ws/das_ros2_ws/src/containment) by extensions ['ros']
[0.288s] Level 1:colcon.colcon_core.package_identification:_identify(/home/andre/das_ws/docker_ws/das_ros2_ws/src/containment) by extension 'ros'
[0.290s] DEBUG:colcon.colcon_core.package_identification:Package '/home/andre/das_ws/docker_ws/das_ros2_ws/src/containment' with type 'ros.ament_python' and name 'containment'
[0.290s] Level 1:colcon.colcon_core.package_identification:_identify(/home/andre/das_ws/docker_ws/das_ros2_ws/src/distributed_algs) by extensions ['ignore', 'ignore_ament_install']
[0.290s] Level 1:colcon.colcon_core.package_identification:_identify(/home/andre/das_ws/docker_ws/das_ros2_ws/src/distributed_algs) by extension 'ignore'
[0.291s] Level 1:colcon.colcon_core.package_identification:_identify(/home/andre/das_ws/docker_ws/das_ros2_ws/src/distributed_algs) by extension 'ignore_ament_install'
[0.291s] Level 1:colcon.colcon_core.package_identification:_identify(/home/andre/das_ws/docker_ws/das_ros2_ws/src/distributed_algs) by extensions ['colcon_pkg']
[0.291s] Level 1:colcon.colcon_core.package_identification:_identify(/home/andre/das_ws/docker_ws/das_ros2_ws/src/distributed_algs) by extension 'colcon_pkg'
[0.291s] Level 1:colcon.colcon_core.package_identification:_identify(/home/andre/das_ws/docker_ws/das_ros2_ws/src/distributed_algs) by extensions ['colcon_meta']
[0.291s] Level 1:colcon.colcon_core.package_identification:_identify(/home/andre/das_ws/docker_ws/das_ros2_ws/src/distributed_algs) by extension 'colcon_meta'
[0.291s] Level 1:colcon.colcon_core.package_identification:_identify(/home/andre/das_ws/docker_ws/das_ros2_ws/src/distributed_algs) by extensions ['ros']
[0.291s] Level 1:colcon.colcon_core.package_identification:_identify(/home/andre/das_ws/docker_ws/das_ros2_ws/src/distributed_algs) by extension 'ros'
[0.291s] DEBUG:colcon.colcon_core.package_identification:Package '/home/andre/das_ws/docker_ws/das_ros2_ws/src/distributed_algs' with type 'ros.ament_python' and name 'distributed_algs'
[0.291s] Level 1:colcon.colcon_core.package_identification:_identify(/home/andre/das_ws/docker_ws/das_ros2_ws/src/pub_sub) by extensions ['ignore', 'ignore_ament_install']
[0.292s] Level 1:colcon.colcon_core.package_identification:_identify(/home/andre/das_ws/docker_ws/das_ros2_ws/src/pub_sub) by extension 'ignore'
[0.292s] Level 1:colcon.colcon_core.package_identification:_identify(/home/andre/das_ws/docker_ws/das_ros2_ws/src/pub_sub) by extension 'ignore_ament_install'
[0.292s] Level 1:colcon.colcon_core.package_identification:_identify(/home/andre/das_ws/docker_ws/das_ros2_ws/src/pub_sub) by extensions ['colcon_pkg']
[0.292s] Level 1:colcon.colcon_core.package_identification:_identify(/home/andre/das_ws/docker_ws/das_ros2_ws/src/pub_sub) by extension 'colcon_pkg'
[0.292s] Level 1:colcon.colcon_core.package_identification:_identify(/home/andre/das_ws/docker_ws/das_ros2_ws/src/pub_sub) by extensions ['colcon_meta']
[0.292s] Level 1:colcon.colcon_core.package_identification:_identify(/home/andre/das_ws/docker_ws/das_ros2_ws/src/pub_sub) by extension 'colcon_meta'
[0.292s] Level 1:colcon.colcon_core.package_identification:_identify(/home/andre/das_ws/docker_ws/das_ros2_ws/src/pub_sub) by extensions ['ros']
[0.292s] Level 1:colcon.colcon_core.package_identification:_identify(/home/andre/das_ws/docker_ws/das_ros2_ws/src/pub_sub) by extension 'ros'
[0.301s] DEBUG:colcon.colcon_core.package_identification:Package '/home/andre/das_ws/docker_ws/das_ros2_ws/src/pub_sub' with type 'ros.ament_python' and name 'pub_sub'
[0.301s] Level 1:colcon.colcon_core.package_discovery:discover_packages(recursive) using defaults
